---------------------------------------------------------------
[ 2018-02-06T22:18:32+08:00 ] 0.0.0.0 GET /index/index/index.html
[ info ] www.chenjiangtp5.com/index/index/index.html [运行时间：0.188998s][吞吐率：5.29req/s] [内存消耗：5,058.08kb] [文件加载：54]
[ info ] [ LANG ] D:\PHP\php\bwsmtp5\thinkphp\lang\zh-cn.php
[ info ] [ ROUTE ] array (
  'type' => 'module',
  'module' => 
  array (
    0 => 'index',
    1 => 'index',
    2 => 'index',
  ),
)
[ info ] [ HEADER ] array (
  'host' => 'www.chenjiangtp5.com',
  'connection' => 'keep-alive',
  'upgrade-insecure-requests' => '1',
  'user-agent' => 'Mozilla/5.0 (Windows NT 6.3; Win64; x64) AppleWebKit/537.36 (KHTML, like Gecko) Chrome/61.0.3163.100 Safari/537.36',
  'accept' => 'text/html,application/xhtml+xml,application/xml;q=0.9,image/webp,image/apng,*/*;q=0.8',
  'referer' => 'http://www.chenjiangtp5.com/index/user/sanf?code=099435dc24d6db7c459627d4a30747f0',
  'accept-encoding' => 'gzip, deflate',
  'accept-language' => 'zh-CN,zh;q=0.8',
  'cookie' => 'PHPSESSID=tag97e7ru9ars0gmnl85l1cgf3; Hm_lvt_b393d153aeb26b46e9431fabaf0f6190=1517886551; Hm_lpvt_b393d153aeb26b46e9431fabaf0f6190=1517886797; hzy_login_back=http://www.chenjiangtp5.com/index/index/tuichu',
)
[ info ] [ PARAM ] array (
)
[ info ] [ RUN ] app\index\controller\Index->index[ D:\PHP\php\bwsmtp5\application\index\controller\Index.php ]
[ info ] [ DB ] INIT mysql
[ info ] [ VIEW ] D:\PHP\php\bwsmtp5\public/../application/index\view\index\index.html [ array (
  0 => 'data1',
  1 => 'data2',
  2 => 'data3',
  3 => 'data',
  4 => 'wzxx',
) ]
[ info ] [ SESSION ] INIT array (
  'id' => '',
  'var_session_id' => '',
  'prefix' => 'think',
  'type' => '',
  'auto_start' => true,
)
[ info ] [ LOG ] INIT File
[ sql ] [ DB ] CONNECT:[ UseTime:0.004644s ] mysql:host=10.0.113.141;dbname=bw;charset=utf8
[ sql ] [ SQL ] SHOW COLUMNS FROM `bw_category` [ RunTime:0.001696s ]
[ sql ] [ SQL ] SELECT COUNT(*) AS tp_count FROM `bw_category` WHERE  `pid` = 0  AND `isdel` = '0' LIMIT 1 [ RunTime:0.003175s ]
[ sql ] [ SQL ] SELECT * FROM `bw_category` WHERE  `pid` = 0  AND `isdel` = '0' ORDER BY `ordeby`  desc LIMIT 5 [ RunTime:0.002483s ]
[ sql ] [ SQL ] SELECT * FROM `bw_category` WHERE  `pid` = 0  AND `isdel` = '0' ORDER BY `ordeby`  desc LIMIT 5,6 [ RunTime:0.003240s ]
[ sql ] [ SQL ] SHOW COLUMNS FROM `bw_banner` [ RunTime:0.003696s ]
[ sql ] [ SQL ] SELECT * FROM `bw_banner` WHERE  `isdel` = 0 ORDER BY `orderby`  desc [ RunTime:0.004979s ]
[ sql ] [ SQL ] SHOW COLUMNS FROM `bw_link` [ RunTime:0.004362s ]
[ sql ] [ SQL ] SELECT * FROM `bw_link` ORDER BY `order`  asc [ RunTime:0.004991s ]
[ sql ] [ SQL ] SHOW COLUMNS FROM `bw_website` [ RunTime:0.005113s ]
[ sql ] [ SQL ] SELECT * FROM `bw_website` [ RunTime:0.002494s ]
---------------------------------------------------------------
[ 2018-02-06T22:18:32+08:00 ] 0.0.0.0 GET /static/index/css/bootstrap.css.map
[ info ] www.chenjiangtp5.com/static/index/css/bootstrap.css.map [运行时间：0.081172s][吞吐率：12.32req/s] [内存消耗：2,486.08kb] [文件加载：40]
[ info ] [ LANG ] D:\PHP\php\bwsmtp5\thinkphp\lang\zh-cn.php
[ info ] [ ROUTE ] array (
  'type' => 'module',
  'module' => 
  array (
    0 => 'static',
    1 => 'index',
    2 => 'css',
  ),
)
[ info ] [ HEADER ] array (
  'host' => 'www.chenjiangtp5.com',
  'connection' => 'keep-alive',
  'user-agent' => 'Mozilla/5.0 (Windows NT 6.3; Win64; x64) AppleWebKit/537.36 (KHTML, like Gecko) Chrome/61.0.3163.100 Safari/537.36',
  'accept-encoding' => 'gzip, deflate',
  'accept-language' => 'zh-CN,zh;q=0.8',
  'cookie' => 'PHPSESSID=tag97e7ru9ars0gmnl85l1cgf3; Hm_lvt_b393d153aeb26b46e9431fabaf0f6190=1517886551; Hm_lpvt_b393d153aeb26b46e9431fabaf0f6190=1517886797; hzy_login_back=http://www.chenjiangtp5.com/index/index/tuichu',
)
[ info ] [ PARAM ] array (
)
[ info ] [ LOG ] INIT File
---------------------------------------------------------------
[ 2018-02-06T22:18:41+08:00 ] 0.0.0.0 GET /index/user/person
[ info ] www.chenjiangtp5.com/index/user/person [运行时间：0.332119s][吞吐率：3.01req/s] [内存消耗：5,180.17kb] [文件加载：56]
[ info ] [ LANG ] D:\PHP\php\bwsmtp5\thinkphp\lang\zh-cn.php
[ info ] [ ROUTE ] array (
  'type' => 'module',
  'module' => 
  array (
    0 => 'index',
    1 => 'user',
    2 => 'person',
  ),
)
[ info ] [ HEADER ] array (
  'host' => 'www.chenjiangtp5.com',
  'connection' => 'keep-alive',
  'upgrade-insecure-requests' => '1',
  'user-agent' => 'Mozilla/5.0 (Windows NT 6.3; Win64; x64) AppleWebKit/537.36 (KHTML, like Gecko) Chrome/61.0.3163.100 Safari/537.36',
  'accept' => 'text/html,application/xhtml+xml,application/xml;q=0.9,image/webp,image/apng,*/*;q=0.8',
  'referer' => 'http://www.chenjiangtp5.com/index/index/index.html',
  'accept-encoding' => 'gzip, deflate',
  'accept-language' => 'zh-CN,zh;q=0.8',
  'cookie' => 'PHPSESSID=tag97e7ru9ars0gmnl85l1cgf3; Hm_lvt_b393d153aeb26b46e9431fabaf0f6190=1517886551; Hm_lpvt_b393d153aeb26b46e9431fabaf0f6190=1517886797; hzy_login_back=http://www.chenjiangtp5.com/index/user/sanf?code=099435dc24d6db7c459627d4a30747f0',
)
[ info ] [ PARAM ] array (
)
[ info ] [ RUN ] app\index\controller\User->person[ D:\PHP\php\bwsmtp5\application\index\controller\User.php ]
[ info ] [ DB ] INIT mysql
[ info ] [ SESSION ] INIT array (
  'id' => '',
  'var_session_id' => '',
  'prefix' => 'think',
  'type' => '',
  'auto_start' => true,
)
[ info ] [ VIEW ] D:\PHP\php\bwsmtp5\public/../application/index\view\user\person.html [ array (
  0 => 'data3',
  1 => 'data2',
  2 => 'data4',
  3 => 'wzxx',
  4 => 'data',
  5 => 'data1',
  6 => 'jl',
  7 => 'info',
) ]
[ info ] [ LOG ] INIT File
[ sql ] [ DB ] CONNECT:[ UseTime:0.008711s ] mysql:host=10.0.113.141;dbname=bw;charset=utf8
[ sql ] [ SQL ] SHOW COLUMNS FROM `bw_category` [ RunTime:0.004701s ]
[ sql ] [ SQL ] SELECT COUNT(*) AS tp_count FROM `bw_category` WHERE  `pid` = 0  AND `isdel` = '0' LIMIT 1 [ RunTime:0.002813s ]
[ sql ] [ SQL ] SELECT * FROM `bw_category` WHERE  `pid` = 0  AND `isdel` = '0' ORDER BY `ordeby`  desc LIMIT 5 [ RunTime:0.004342s ]
[ sql ] [ SQL ] SELECT * FROM `bw_category` WHERE  `pid` = 0  AND `isdel` = '0' ORDER BY `ordeby`  desc LIMIT 5,6 [ RunTime:0.004096s ]
[ sql ] [ SQL ] SHOW COLUMNS FROM `bw_link` [ RunTime:0.003680s ]
[ sql ] [ SQL ] SELECT * FROM `bw_link` ORDER BY `order`  asc [ RunTime:0.002847s ]
[ sql ] [ SQL ] SHOW COLUMNS FROM `bw_website` [ RunTime:0.003233s ]
[ sql ] [ SQL ] SELECT * FROM `bw_website` [ RunTime:0.005196s ]
[ sql ] [ SQL ] SELECT * FROM `bw_category` WHERE  `isdel` = '0' [ RunTime:0.002812s ]
[ sql ] [ SQL ] SHOW COLUMNS FROM `bw_user` [ RunTime:0.005840s ]
[ sql ] [ SQL ] SELECT * FROM `bw_user` WHERE  `id` = 14 LIMIT 1 [ RunTime:0.004590s ]
[ sql ] [ SQL ] SHOW COLUMNS FROM `bw_fwjl` [ RunTime:0.004752s ]
[ sql ] [ SQL ] SELECT * FROM `bw_fwjl` WHERE  `uid` = 14 ORDER BY `retime`  desc LIMIT 5 [ RunTime:0.003513s ]
[ sql ] [ SQL ] SELECT * FROM `bw_user` WHERE  `id` = 14 [ RunTime:0.002898s ]
---------------------------------------------------------------
[ 2018-02-06T22:18:42+08:00 ] 0.0.0.0 GET /static/index/css/bootstrap.css.map
[ info ] www.chenjiangtp5.com/static/index/css/bootstrap.css.map [运行时间：0.216021s][吞吐率：4.63req/s] [内存消耗：2,486.36kb] [文件加载：40]
[ info ] [ LANG ] D:\PHP\php\bwsmtp5\thinkphp\lang\zh-cn.php
[ info ] [ ROUTE ] array (
  'type' => 'module',
  'module' => 
  array (
    0 => 'static',
    1 => 'index',
    2 => 'css',
  ),
)
[ info ] [ HEADER ] array (
  'host' => 'www.chenjiangtp5.com',
  'connection' => 'keep-alive',
  'user-agent' => 'Mozilla/5.0 (Windows NT 6.3; Win64; x64) AppleWebKit/537.36 (KHTML, like Gecko) Chrome/61.0.3163.100 Safari/537.36',
  'accept-encoding' => 'gzip, deflate',
  'accept-language' => 'zh-CN,zh;q=0.8',
  'cookie' => 'PHPSESSID=tag97e7ru9ars0gmnl85l1cgf3; Hm_lvt_b393d153aeb26b46e9431fabaf0f6190=1517886551; Hm_lpvt_b393d153aeb26b46e9431fabaf0f6190=1517886797; hzy_login_back=http://www.chenjiangtp5.com/index/user/sanf?code=099435dc24d6db7c459627d4a30747f0',
)
[ info ] [ PARAM ] array (
)
[ info ] [ LOG ] INIT File
---------------------------------------------------------------
[ 2018-02-06T22:19:16+08:00 ] 0.0.0.0 GET /index/user/person
[ info ] www.chenjiangtp5.com/index/user/person [运行时间：0.288264s][吞吐率：3.47req/s] [内存消耗：5,472.39kb] [文件加载：58]
[ info ] [ LANG ] D:\PHP\php\bwsmtp5\thinkphp\lang\zh-cn.php
[ info ] [ ROUTE ] array (
  'type' => 'module',
  'module' => 
  array (
    0 => 'index',
    1 => 'user',
    2 => 'person',
  ),
)
[ info ] [ HEADER ] array (
  'host' => 'www.chenjiangtp5.com',
  'connection' => 'keep-alive',
  'cache-control' => 'max-age=0',
  'upgrade-insecure-requests' => '1',
  'user-agent' => 'Mozilla/5.0 (Windows NT 6.3; Win64; x64) AppleWebKit/537.36 (KHTML, like Gecko) Chrome/61.0.3163.100 Safari/537.36',
  'accept' => 'text/html,application/xhtml+xml,application/xml;q=0.9,image/webp,image/apng,*/*;q=0.8',
  'referer' => 'http://www.chenjiangtp5.com/index/index/index.html',
  'accept-encoding' => 'gzip, deflate',
  'accept-language' => 'zh-CN,zh;q=0.8',
  'cookie' => 'PHPSESSID=tag97e7ru9ars0gmnl85l1cgf3; Hm_lvt_b393d153aeb26b46e9431fabaf0f6190=1517886551; Hm_lpvt_b393d153aeb26b46e9431fabaf0f6190=1517886797; hzy_login_back=http://www.chenjiangtp5.com/index/index/index.html',
)
[ info ] [ PARAM ] array (
)
[ info ] [ RUN ] app\index\controller\User->person[ D:\PHP\php\bwsmtp5\application\index\controller\User.php ]
[ info ] [ DB ] INIT mysql
[ info ] [ SESSION ] INIT array (
  'id' => '',
  'var_session_id' => '',
  'prefix' => 'think',
  'type' => '',
  'auto_start' => true,
)
[ info ] [ VIEW ] D:\PHP\php\bwsmtp5\public/../application/index\view\user\person.html [ array (
  0 => 'data3',
  1 => 'data2',
  2 => 'data4',
  3 => 'wzxx',
  4 => 'data',
  5 => 'data1',
  6 => 'jl',
  7 => 'info',
) ]
[ info ] [ LOG ] INIT File
[ sql ] [ DB ] CONNECT:[ UseTime:0.003767s ] mysql:host=10.0.113.141;dbname=bw;charset=utf8
[ sql ] [ SQL ] SHOW COLUMNS FROM `bw_category` [ RunTime:0.005172s ]
[ sql ] [ SQL ] SELECT COUNT(*) AS tp_count FROM `bw_category` WHERE  `pid` = 0  AND `isdel` = '0' LIMIT 1 [ RunTime:0.003981s ]
[ sql ] [ SQL ] SELECT * FROM `bw_category` WHERE  `pid` = 0  AND `isdel` = '0' ORDER BY `ordeby`  desc LIMIT 5 [ RunTime:0.002911s ]
[ sql ] [ SQL ] SELECT * FROM `bw_category` WHERE  `pid` = 0  AND `isdel` = '0' ORDER BY `ordeby`  desc LIMIT 5,6 [ RunTime:0.003743s ]
[ sql ] [ SQL ] SHOW COLUMNS FROM `bw_link` [ RunTime:0.003250s ]
[ sql ] [ SQL ] SELECT * FROM `bw_link` ORDER BY `order`  asc [ RunTime:0.002766s ]
[ sql ] [ SQL ] SHOW COLUMNS FROM `bw_website` [ RunTime:0.004016s ]
[ sql ] [ SQL ] SELECT * FROM `bw_website` [ RunTime:0.003963s ]
[ sql ] [ SQL ] SELECT * FROM `bw_category` WHERE  `isdel` = '0' [ RunTime:0.002968s ]
[ sql ] [ SQL ] SHOW COLUMNS FROM `bw_user` [ RunTime:0.007117s ]
[ sql ] [ SQL ] SELECT * FROM `bw_user` WHERE  `id` = 14 LIMIT 1 [ RunTime:0.005624s ]
[ sql ] [ SQL ] SHOW COLUMNS FROM `bw_fwjl` [ RunTime:0.005466s ]
[ sql ] [ SQL ] SELECT * FROM `bw_fwjl` WHERE  `uid` = 14 ORDER BY `retime`  desc LIMIT 5 [ RunTime:0.003443s ]
[ sql ] [ SQL ] SELECT * FROM `bw_user` WHERE  `id` = 14 [ RunTime:0.003620s ]
---------------------------------------------------------------
[ 2018-02-06T22:19:17+08:00 ] 0.0.0.0 GET /static/index/css/bootstrap.css.map
[ info ] www.chenjiangtp5.com/static/index/css/bootstrap.css.map [运行时间：0.117434s][吞吐率：8.52req/s] [内存消耗：2,486.13kb] [文件加载：40]
[ info ] [ LANG ] D:\PHP\php\bwsmtp5\thinkphp\lang\zh-cn.php
[ info ] [ ROUTE ] array (
  'type' => 'module',
  'module' => 
  array (
    0 => 'static',
    1 => 'index',
    2 => 'css',
  ),
)
[ info ] [ HEADER ] array (
  'host' => 'www.chenjiangtp5.com',
  'connection' => 'keep-alive',
  'user-agent' => 'Mozilla/5.0 (Windows NT 6.3; Win64; x64) AppleWebKit/537.36 (KHTML, like Gecko) Chrome/61.0.3163.100 Safari/537.36',
  'accept-encoding' => 'gzip, deflate',
  'accept-language' => 'zh-CN,zh;q=0.8',
  'cookie' => 'PHPSESSID=tag97e7ru9ars0gmnl85l1cgf3; Hm_lvt_b393d153aeb26b46e9431fabaf0f6190=1517886551; Hm_lpvt_b393d153aeb26b46e9431fabaf0f6190=1517886797; hzy_login_back=http://www.chenjiangtp5.com/index/index/index.html',
)
[ info ] [ PARAM ] array (
)
[ info ] [ LOG ] INIT File
---------------------------------------------------------------
[ 2018-02-06T22:21:33+08:00 ] 0.0.0.0 GET /index/user/person
[ info ] www.chenjiangtp5.com/index/user/person [运行时间：0.220124s][吞吐率：4.54req/s] [内存消耗：5,472.61kb] [文件加载：58]
[ info ] [ LANG ] D:\PHP\php\bwsmtp5\thinkphp\lang\zh-cn.php
[ info ] [ ROUTE ] array (
  'type' => 'module',
  'module' => 
  array (
    0 => 'index',
    1 => 'user',
    2 => 'person',
  ),
)
[ info ] [ HEADER ] array (
  'host' => 'www.chenjiangtp5.com',
  'connection' => 'keep-alive',
  'cache-control' => 'max-age=0',
  'upgrade-insecure-requests' => '1',
  'user-agent' => 'Mozilla/5.0 (Windows NT 6.3; Win64; x64) AppleWebKit/537.36 (KHTML, like Gecko) Chrome/61.0.3163.100 Safari/537.36',
  'accept' => 'text/html,application/xhtml+xml,application/xml;q=0.9,image/webp,image/apng,*/*;q=0.8',
  'referer' => 'http://www.chenjiangtp5.com/index/index/index.html',
  'accept-encoding' => 'gzip, deflate',
  'accept-language' => 'zh-CN,zh;q=0.8',
  'cookie' => 'PHPSESSID=tag97e7ru9ars0gmnl85l1cgf3; Hm_lvt_b393d153aeb26b46e9431fabaf0f6190=1517886551; Hm_lpvt_b393d153aeb26b46e9431fabaf0f6190=1517886797; hzy_login_back=http://www.chenjiangtp5.com/index/index/index.html',
)
[ info ] [ PARAM ] array (
)
[ info ] [ RUN ] app\index\controller\User->person[ D:\PHP\php\bwsmtp5\application\index\controller\User.php ]
[ info ] [ DB ] INIT mysql
[ info ] [ SESSION ] INIT array (
  'id' => '',
  'var_session_id' => '',
  'prefix' => 'think',
  'type' => '',
  'auto_start' => true,
)
[ info ] [ VIEW ] D:\PHP\php\bwsmtp5\public/../application/index\view\user\person.html [ array (
  0 => 'data3',
  1 => 'data2',
  2 => 'data4',
  3 => 'wzxx',
  4 => 'data',
  5 => 'data1',
  6 => 'jl',
  7 => 'info',
) ]
[ info ] [ LOG ] INIT File
[ sql ] [ DB ] CONNECT:[ UseTime:0.016543s ] mysql:host=10.0.113.141;dbname=bw;charset=utf8
[ sql ] [ SQL ] SHOW COLUMNS FROM `bw_category` [ RunTime:0.004315s ]
[ sql ] [ SQL ] SELECT COUNT(*) AS tp_count FROM `bw_category` WHERE  `pid` = 0  AND `isdel` = '0' LIMIT 1 [ RunTime:0.003598s ]
[ sql ] [ SQL ] SELECT * FROM `bw_category` WHERE  `pid` = 0  AND `isdel` = '0' ORDER BY `ordeby`  desc LIMIT 5 [ RunTime:0.002879s ]
[ sql ] [ SQL ] SELECT * FROM `bw_category` WHERE  `pid` = 0  AND `isdel` = '0' ORDER BY `ordeby`  desc LIMIT 5,6 [ RunTime:0.002684s ]
[ sql ] [ SQL ] SHOW COLUMNS FROM `bw_link` [ RunTime:0.003220s ]
[ sql ] [ SQL ] SELECT * FROM `bw_link` ORDER BY `order`  asc [ RunTime:0.003082s ]
[ sql ] [ SQL ] SHOW COLUMNS FROM `bw_website` [ RunTime:0.002513s ]
[ sql ] [ SQL ] SELECT * FROM `bw_website` [ RunTime:0.002403s ]
[ sql ] [ SQL ] SELECT * FROM `bw_category` WHERE  `isdel` = '0' [ RunTime:0.002440s ]
[ sql ] [ SQL ] SHOW COLUMNS FROM `bw_user` [ RunTime:0.003595s ]
[ sql ] [ SQL ] SELECT * FROM `bw_user` WHERE  `id` = 14 LIMIT 1 [ RunTime:0.004992s ]
[ sql ] [ SQL ] SHOW COLUMNS FROM `bw_fwjl` [ RunTime:0.002672s ]
[ sql ] [ SQL ] SELECT * FROM `bw_fwjl` WHERE  `uid` = 14 ORDER BY `retime`  desc LIMIT 5 [ RunTime:0.002439s ]
[ sql ] [ SQL ] SELECT * FROM `bw_user` WHERE  `id` = 14 [ RunTime:0.003458s ]
---------------------------------------------------------------
[ 2018-02-06T22:21:34+08:00 ] 0.0.0.0 GET /static/index/css/bootstrap.css.map
[ info ] www.chenjiangtp5.com/static/index/css/bootstrap.css.map [运行时间：0.156128s][吞吐率：6.41req/s] [内存消耗：2,486.13kb] [文件加载：40]
[ info ] [ LANG ] D:\PHP\php\bwsmtp5\thinkphp\lang\zh-cn.php
[ info ] [ ROUTE ] array (
  'type' => 'module',
  'module' => 
  array (
    0 => 'static',
    1 => 'index',
    2 => 'css',
  ),
)
[ info ] [ HEADER ] array (
  'host' => 'www.chenjiangtp5.com',
  'connection' => 'keep-alive',
  'user-agent' => 'Mozilla/5.0 (Windows NT 6.3; Win64; x64) AppleWebKit/537.36 (KHTML, like Gecko) Chrome/61.0.3163.100 Safari/537.36',
  'accept-encoding' => 'gzip, deflate',
  'accept-language' => 'zh-CN,zh;q=0.8',
  'cookie' => 'PHPSESSID=tag97e7ru9ars0gmnl85l1cgf3; Hm_lvt_b393d153aeb26b46e9431fabaf0f6190=1517886551; Hm_lpvt_b393d153aeb26b46e9431fabaf0f6190=1517886797; hzy_login_back=http://www.chenjiangtp5.com/index/index/index.html',
)
[ info ] [ PARAM ] array (
)
[ info ] [ LOG ] INIT File
---------------------------------------------------------------
[ 2018-02-06T22:22:23+08:00 ] 0.0.0.0 GET /index/user/person
[ info ] www.chenjiangtp5.com/index/user/person [运行时间：0.179877s][吞吐率：5.56req/s] [内存消耗：5,177.83kb] [文件加载：56]
[ info ] [ LANG ] D:\PHP\php\bwsmtp5\thinkphp\lang\zh-cn.php
[ info ] [ ROUTE ] array (
  'type' => 'module',
  'module' => 
  array (
    0 => 'index',
    1 => 'user',
    2 => 'person',
  ),
)
[ info ] [ HEADER ] array (
  'host' => 'www.chenjiangtp5.com',
  'connection' => 'keep-alive',
  'cache-control' => 'max-age=0',
  'upgrade-insecure-requests' => '1',
  'user-agent' => 'Mozilla/5.0 (Windows NT 6.3; Win64; x64) AppleWebKit/537.36 (KHTML, like Gecko) Chrome/61.0.3163.100 Safari/537.36',
  'accept' => 'text/html,application/xhtml+xml,application/xml;q=0.9,image/webp,image/apng,*/*;q=0.8',
  'referer' => 'http://www.chenjiangtp5.com/index/index/index.html',
  'accept-encoding' => 'gzip, deflate',
  'accept-language' => 'zh-CN,zh;q=0.8',
  'cookie' => 'PHPSESSID=tag97e7ru9ars0gmnl85l1cgf3; Hm_lvt_b393d153aeb26b46e9431fabaf0f6190=1517886551; Hm_lpvt_b393d153aeb26b46e9431fabaf0f6190=1517886797; hzy_login_back=http://www.chenjiangtp5.com/index/index/index.html',
)
[ info ] [ PARAM ] array (
)
[ info ] [ RUN ] app\index\controller\User->person[ D:\PHP\php\bwsmtp5\application\index\controller\User.php ]
[ info ] [ DB ] INIT mysql
[ info ] [ SESSION ] INIT array (
  'id' => '',
  'var_session_id' => '',
  'prefix' => 'think',
  'type' => '',
  'auto_start' => true,
)
[ info ] [ VIEW ] D:\PHP\php\bwsmtp5\public/../application/index\view\user\person.html [ array (
  0 => 'data3',
  1 => 'data2',
  2 => 'data4',
  3 => 'wzxx',
  4 => 'data',
  5 => 'data1',
  6 => 'jl',
  7 => 'info',
) ]
[ info ] [ LOG ] INIT File
[ sql ] [ DB ] CONNECT:[ UseTime:0.005342s ] mysql:host=10.0.113.141;dbname=bw;charset=utf8
[ sql ] [ SQL ] SHOW COLUMNS FROM `bw_category` [ RunTime:0.003455s ]
[ sql ] [ SQL ] SELECT COUNT(*) AS tp_count FROM `bw_category` WHERE  `pid` = 0  AND `isdel` = '0' LIMIT 1 [ RunTime:0.004955s ]
[ sql ] [ SQL ] SELECT * FROM `bw_category` WHERE  `pid` = 0  AND `isdel` = '0' ORDER BY `ordeby`  desc LIMIT 5 [ RunTime:0.003624s ]
[ sql ] [ SQL ] SELECT * FROM `bw_category` WHERE  `pid` = 0  AND `isdel` = '0' ORDER BY `ordeby`  desc LIMIT 5,6 [ RunTime:0.003146s ]
[ sql ] [ SQL ] SHOW COLUMNS FROM `bw_link` [ RunTime:0.003279s ]
[ sql ] [ SQL ] SELECT * FROM `bw_link` ORDER BY `order`  asc [ RunTime:0.002564s ]
[ sql ] [ SQL ] SHOW COLUMNS FROM `bw_website` [ RunTime:0.002707s ]
[ sql ] [ SQL ] SELECT * FROM `bw_website` [ RunTime:0.001910s ]
[ sql ] [ SQL ] SELECT * FROM `bw_category` WHERE  `isdel` = '0' [ RunTime:0.001625s ]
[ sql ] [ SQL ] SHOW COLUMNS FROM `bw_user` [ RunTime:0.003650s ]
[ sql ] [ SQL ] SELECT * FROM `bw_user` WHERE  `id` = 14 LIMIT 1 [ RunTime:0.003434s ]
[ sql ] [ SQL ] SHOW COLUMNS FROM `bw_fwjl` [ RunTime:0.003259s ]
[ sql ] [ SQL ] SELECT * FROM `bw_fwjl` WHERE  `uid` = 14 ORDER BY `retime`  desc LIMIT 5 [ RunTime:0.003253s ]
[ sql ] [ SQL ] SELECT * FROM `bw_user` WHERE  `id` = 14 [ RunTime:0.003164s ]
---------------------------------------------------------------
[ 2018-02-06T22:22:23+08:00 ] 0.0.0.0 GET /static/index/css/bootstrap.css.map
[ info ] www.chenjiangtp5.com/static/index/css/bootstrap.css.map [运行时间：0.150224s][吞吐率：6.66req/s] [内存消耗：2,486.13kb] [文件加载：40]
[ info ] [ LANG ] D:\PHP\php\bwsmtp5\thinkphp\lang\zh-cn.php
[ info ] [ ROUTE ] array (
  'type' => 'module',
  'module' => 
  array (
    0 => 'static',
    1 => 'index',
    2 => 'css',
  ),
)
[ info ] [ HEADER ] array (
  'host' => 'www.chenjiangtp5.com',
  'connection' => 'keep-alive',
  'user-agent' => 'Mozilla/5.0 (Windows NT 6.3; Win64; x64) AppleWebKit/537.36 (KHTML, like Gecko) Chrome/61.0.3163.100 Safari/537.36',
  'accept-encoding' => 'gzip, deflate',
  'accept-language' => 'zh-CN,zh;q=0.8',
  'cookie' => 'PHPSESSID=tag97e7ru9ars0gmnl85l1cgf3; Hm_lvt_b393d153aeb26b46e9431fabaf0f6190=1517886551; Hm_lpvt_b393d153aeb26b46e9431fabaf0f6190=1517886797; hzy_login_back=http://www.chenjiangtp5.com/index/index/index.html',
)
[ info ] [ PARAM ] array (
)
[ info ] [ LOG ] INIT File
---------------------------------------------------------------
[ 2018-02-06T22:23:51+08:00 ] 0.0.0.0 GET /index/user/person
[ info ] www.chenjiangtp5.com/index/user/person [运行时间：0.215052s][吞吐率：4.65req/s] [内存消耗：5,470.12kb] [文件加载：58]
[ info ] [ LANG ] D:\PHP\php\bwsmtp5\thinkphp\lang\zh-cn.php
[ info ] [ ROUTE ] array (
  'type' => 'module',
  'module' => 
  array (
    0 => 'index',
    1 => 'user',
    2 => 'person',
  ),
)
[ info ] [ HEADER ] array (
  'host' => 'www.chenjiangtp5.com',
  'connection' => 'keep-alive',
  'cache-control' => 'max-age=0',
  'upgrade-insecure-requests' => '1',
  'user-agent' => 'Mozilla/5.0 (Windows NT 6.3; Win64; x64) AppleWebKit/537.36 (KHTML, like Gecko) Chrome/61.0.3163.100 Safari/537.36',
  'accept' => 'text/html,application/xhtml+xml,application/xml;q=0.9,image/webp,image/apng,*/*;q=0.8',
  'referer' => 'http://www.chenjiangtp5.com/index/index/index.html',
  'accept-encoding' => 'gzip, deflate',
  'accept-language' => 'zh-CN,zh;q=0.8',
  'cookie' => 'PHPSESSID=tag97e7ru9ars0gmnl85l1cgf3; Hm_lvt_b393d153aeb26b46e9431fabaf0f6190=1517886551; Hm_lpvt_b393d153aeb26b46e9431fabaf0f6190=1517886797; hzy_login_back=http://www.chenjiangtp5.com/index/index/index.html',
)
[ info ] [ PARAM ] array (
)
[ info ] [ RUN ] app\index\controller\User->person[ D:\PHP\php\bwsmtp5\application\index\controller\User.php ]
[ info ] [ DB ] INIT mysql
[ info ] [ SESSION ] INIT array (
  'id' => '',
  'var_session_id' => '',
  'prefix' => 'think',
  'type' => '',
  'auto_start' => true,
)
[ info ] [ VIEW ] D:\PHP\php\bwsmtp5\public/../application/index\view\user\person.html [ array (
  0 => 'data3',
  1 => 'data2',
  2 => 'data4',
  3 => 'wzxx',
  4 => 'data',
  5 => 'data1',
  6 => 'jl',
  7 => 'info',
) ]
[ info ] [ LOG ] INIT File
[ sql ] [ DB ] CONNECT:[ UseTime:0.006865s ] mysql:host=10.0.113.141;dbname=bw;charset=utf8
[ sql ] [ SQL ] SHOW COLUMNS FROM `bw_category` [ RunTime:0.002824s ]
[ sql ] [ SQL ] SELECT COUNT(*) AS tp_count FROM `bw_category` WHERE  `pid` = 0  AND `isdel` = '0' LIMIT 1 [ RunTime:0.002535s ]
[ sql ] [ SQL ] SELECT * FROM `bw_category` WHERE  `pid` = 0  AND `isdel` = '0' ORDER BY `ordeby`  desc LIMIT 5 [ RunTime:0.004002s ]
[ sql ] [ SQL ] SELECT * FROM `bw_category` WHERE  `pid` = 0  AND `isdel` = '0' ORDER BY `ordeby`  desc LIMIT 5,6 [ RunTime:0.001836s ]
[ sql ] [ SQL ] SHOW COLUMNS FROM `bw_link` [ RunTime:0.002581s ]
[ sql ] [ SQL ] SELECT * FROM `bw_link` ORDER BY `order`  asc [ RunTime:0.003286s ]
[ sql ] [ SQL ] SHOW COLUMNS FROM `bw_website` [ RunTime:0.004674s ]
[ sql ] [ SQL ] SELECT * FROM `bw_website` [ RunTime:0.003801s ]
[ sql ] [ SQL ] SELECT * FROM `bw_category` WHERE  `isdel` = '0' [ RunTime:0.001469s ]
[ sql ] [ SQL ] SHOW COLUMNS FROM `bw_user` [ RunTime:0.005538s ]
[ sql ] [ SQL ] SELECT * FROM `bw_user` WHERE  `id` = 14 LIMIT 1 [ RunTime:0.003365s ]
[ sql ] [ SQL ] SHOW COLUMNS FROM `bw_fwjl` [ RunTime:0.003036s ]
[ sql ] [ SQL ] SELECT * FROM `bw_fwjl` WHERE  `uid` = 14 ORDER BY `retime`  desc LIMIT 5 [ RunTime:0.002478s ]
[ sql ] [ SQL ] SELECT * FROM `bw_user` WHERE  `id` = 14 [ RunTime:0.003002s ]
---------------------------------------------------------------
[ 2018-02-06T22:23:52+08:00 ] 0.0.0.0 GET /static/index/css/bootstrap.css.map
[ info ] www.chenjiangtp5.com/static/index/css/bootstrap.css.map [运行时间：0.164264s][吞吐率：6.09req/s] [内存消耗：2,486.13kb] [文件加载：40]
[ info ] [ LANG ] D:\PHP\php\bwsmtp5\thinkphp\lang\zh-cn.php
[ info ] [ ROUTE ] array (
  'type' => 'module',
  'module' => 
  array (
    0 => 'static',
    1 => 'index',
    2 => 'css',
  ),
)
[ info ] [ HEADER ] array (
  'host' => 'www.chenjiangtp5.com',
  'connection' => 'keep-alive',
  'user-agent' => 'Mozilla/5.0 (Windows NT 6.3; Win64; x64) AppleWebKit/537.36 (KHTML, like Gecko) Chrome/61.0.3163.100 Safari/537.36',
  'accept-encoding' => 'gzip, deflate',
  'accept-language' => 'zh-CN,zh;q=0.8',
  'cookie' => 'PHPSESSID=tag97e7ru9ars0gmnl85l1cgf3; Hm_lvt_b393d153aeb26b46e9431fabaf0f6190=1517886551; Hm_lpvt_b393d153aeb26b46e9431fabaf0f6190=1517886797; hzy_login_back=http://www.chenjiangtp5.com/index/index/index.html',
)
[ info ] [ PARAM ] array (
)
[ info ] [ LOG ] INIT File
---------------------------------------------------------------
[ 2018-02-06T22:24:07+08:00 ] 0.0.0.0 GET /index/user/person
[ info ] www.chenjiangtp5.com/index/user/person [运行时间：0.227406s][吞吐率：4.40req/s] [内存消耗：5,470.04kb] [文件加载：58]
[ info ] [ LANG ] D:\PHP\php\bwsmtp5\thinkphp\lang\zh-cn.php
[ info ] [ ROUTE ] array (
  'type' => 'module',
  'module' => 
  array (
    0 => 'index',
    1 => 'user',
    2 => 'person',
  ),
)
[ info ] [ HEADER ] array (
  'host' => 'www.chenjiangtp5.com',
  'connection' => 'keep-alive',
  'cache-control' => 'max-age=0',
  'upgrade-insecure-requests' => '1',
  'user-agent' => 'Mozilla/5.0 (Windows NT 6.3; Win64; x64) AppleWebKit/537.36 (KHTML, like Gecko) Chrome/61.0.3163.100 Safari/537.36',
  'accept' => 'text/html,application/xhtml+xml,application/xml;q=0.9,image/webp,image/apng,*/*;q=0.8',
  'referer' => 'http://www.chenjiangtp5.com/index/index/index.html',
  'accept-encoding' => 'gzip, deflate',
  'accept-language' => 'zh-CN,zh;q=0.8',
  'cookie' => 'PHPSESSID=tag97e7ru9ars0gmnl85l1cgf3; Hm_lvt_b393d153aeb26b46e9431fabaf0f6190=1517886551; Hm_lpvt_b393d153aeb26b46e9431fabaf0f6190=1517886797; hzy_login_back=http://www.chenjiangtp5.com/index/index/index.html',
)
[ info ] [ PARAM ] array (
)
[ info ] [ RUN ] app\index\controller\User->person[ D:\PHP\php\bwsmtp5\application\index\controller\User.php ]
[ info ] [ DB ] INIT mysql
[ info ] [ SESSION ] INIT array (
  'id' => '',
  'var_session_id' => '',
  'prefix' => 'think',
  'type' => '',
  'auto_start' => true,
)
[ info ] [ VIEW ] D:\PHP\php\bwsmtp5\public/../application/index\view\user\person.html [ array (
  0 => 'data3',
  1 => 'data2',
  2 => 'data4',
  3 => 'wzxx',
  4 => 'data',
  5 => 'data1',
  6 => 'jl',
  7 => 'info',
) ]
[ info ] [ LOG ] INIT File
[ sql ] [ DB ] CONNECT:[ UseTime:0.003897s ] mysql:host=10.0.113.141;dbname=bw;charset=utf8
[ sql ] [ SQL ] SHOW COLUMNS FROM `bw_category` [ RunTime:0.002729s ]
[ sql ] [ SQL ] SELECT COUNT(*) AS tp_count FROM `bw_category` WHERE  `pid` = 0  AND `isdel` = '0' LIMIT 1 [ RunTime:0.002839s ]
[ sql ] [ SQL ] SELECT * FROM `bw_category` WHERE  `pid` = 0  AND `isdel` = '0' ORDER BY `ordeby`  desc LIMIT 5 [ RunTime:0.004962s ]
[ sql ] [ SQL ] SELECT * FROM `bw_category` WHERE  `pid` = 0  AND `isdel` = '0' ORDER BY `ordeby`  desc LIMIT 5,6 [ RunTime:0.003702s ]
[ sql ] [ SQL ] SHOW COLUMNS FROM `bw_link` [ RunTime:0.008400s ]
[ sql ] [ SQL ] SELECT * FROM `bw_link` ORDER BY `order`  asc [ RunTime:0.004275s ]
[ sql ] [ SQL ] SHOW COLUMNS FROM `bw_website` [ RunTime:0.003707s ]
[ sql ] [ SQL ] SELECT * FROM `bw_website` [ RunTime:0.003195s ]
[ sql ] [ SQL ] SELECT * FROM `bw_category` WHERE  `isdel` = '0' [ RunTime:0.004756s ]
[ sql ] [ SQL ] SHOW COLUMNS FROM `bw_user` [ RunTime:0.005011s ]
[ sql ] [ SQL ] SELECT * FROM `bw_user` WHERE  `id` = 14 LIMIT 1 [ RunTime:0.004506s ]
[ sql ] [ SQL ] SHOW COLUMNS FROM `bw_fwjl` [ RunTime:0.003415s ]
[ sql ] [ SQL ] SELECT * FROM `bw_fwjl` WHERE  `uid` = 14 ORDER BY `retime`  desc LIMIT 5 [ RunTime:0.003467s ]
[ sql ] [ SQL ] SELECT * FROM `bw_user` WHERE  `id` = 14 [ RunTime:0.003366s ]
---------------------------------------------------------------
[ 2018-02-06T22:24:08+08:00 ] 0.0.0.0 GET /static/index/css/bootstrap.css.map
[ info ] www.chenjiangtp5.com/static/index/css/bootstrap.css.map [运行时间：0.156341s][吞吐率：6.40req/s] [内存消耗：2,486.13kb] [文件加载：40]
[ info ] [ LANG ] D:\PHP\php\bwsmtp5\thinkphp\lang\zh-cn.php
[ info ] [ ROUTE ] array (
  'type' => 'module',
  'module' => 
  array (
    0 => 'static',
    1 => 'index',
    2 => 'css',
  ),
)
[ info ] [ HEADER ] array (
  'host' => 'www.chenjiangtp5.com',
  'connection' => 'keep-alive',
  'user-agent' => 'Mozilla/5.0 (Windows NT 6.3; Win64; x64) AppleWebKit/537.36 (KHTML, like Gecko) Chrome/61.0.3163.100 Safari/537.36',
  'accept-encoding' => 'gzip, deflate',
  'accept-language' => 'zh-CN,zh;q=0.8',
  'cookie' => 'PHPSESSID=tag97e7ru9ars0gmnl85l1cgf3; Hm_lvt_b393d153aeb26b46e9431fabaf0f6190=1517886551; Hm_lpvt_b393d153aeb26b46e9431fabaf0f6190=1517886797; hzy_login_back=http://www.chenjiangtp5.com/index/index/index.html',
)
[ info ] [ PARAM ] array (
)
[ info ] [ LOG ] INIT File
---------------------------------------------------------------
[ 2018-02-06T22:27:55+08:00 ] 0.0.0.0 GET /index/user/person
[ info ] www.chenjiangtp5.com/index/user/person [运行时间：0.212253s][吞吐率：4.71req/s] [内存消耗：5,470.09kb] [文件加载：58]
[ info ] [ LANG ] D:\PHP\php\bwsmtp5\thinkphp\lang\zh-cn.php
[ info ] [ ROUTE ] array (
  'type' => 'module',
  'module' => 
  array (
    0 => 'index',
    1 => 'user',
    2 => 'person',
  ),
)
[ info ] [ HEADER ] array (
  'host' => 'www.chenjiangtp5.com',
  'connection' => 'keep-alive',
  'cache-control' => 'max-age=0',
  'upgrade-insecure-requests' => '1',
  'user-agent' => 'Mozilla/5.0 (Windows NT 6.3; Win64; x64) AppleWebKit/537.36 (KHTML, like Gecko) Chrome/61.0.3163.100 Safari/537.36',
  'accept' => 'text/html,application/xhtml+xml,application/xml;q=0.9,image/webp,image/apng,*/*;q=0.8',
  'referer' => 'http://www.chenjiangtp5.com/index/index/index.html',
  'accept-encoding' => 'gzip, deflate',
  'accept-language' => 'zh-CN,zh;q=0.8',
  'cookie' => 'PHPSESSID=tag97e7ru9ars0gmnl85l1cgf3; Hm_lvt_b393d153aeb26b46e9431fabaf0f6190=1517886551; Hm_lpvt_b393d153aeb26b46e9431fabaf0f6190=1517886797; hzy_login_back=http://www.chenjiangtp5.com/index/index/index.html',
)
[ info ] [ PARAM ] array (
)
[ info ] [ RUN ] app\index\controller\User->person[ D:\PHP\php\bwsmtp5\application\index\controller\User.php ]
[ info ] [ DB ] INIT mysql
[ info ] [ SESSION ] INIT array (
  'id' => '',
  'var_session_id' => '',
  'prefix' => 'think',
  'type' => '',
  'auto_start' => true,
)
[ info ] [ VIEW ] D:\PHP\php\bwsmtp5\public/../application/index\view\user\person.html [ array (
  0 => 'data3',
  1 => 'data2',
  2 => 'data4',
  3 => 'wzxx',
  4 => 'data',
  5 => 'data1',
  6 => 'jl',
  7 => 'info',
) ]
[ info ] [ LOG ] INIT File
[ sql ] [ DB ] CONNECT:[ UseTime:0.014140s ] mysql:host=10.0.113.141;dbname=bw;charset=utf8
[ sql ] [ SQL ] SHOW COLUMNS FROM `bw_category` [ RunTime:0.004056s ]
[ sql ] [ SQL ] SELECT COUNT(*) AS tp_count FROM `bw_category` WHERE  `pid` = 0  AND `isdel` = '0' LIMIT 1 [ RunTime:0.003019s ]
[ sql ] [ SQL ] SELECT * FROM `bw_category` WHERE  `pid` = 0  AND `isdel` = '0' ORDER BY `ordeby`  desc LIMIT 5 [ RunTime:0.001868s ]
[ sql ] [ SQL ] SELECT * FROM `bw_category` WHERE  `pid` = 0  AND `isdel` = '0' ORDER BY `ordeby`  desc LIMIT 5,6 [ RunTime:0.003424s ]
[ sql ] [ SQL ] SHOW COLUMNS FROM `bw_link` [ RunTime:0.002528s ]
[ sql ] [ SQL ] SELECT * FROM `bw_link` ORDER BY `order`  asc [ RunTime:0.003063s ]
[ sql ] [ SQL ] SHOW COLUMNS FROM `bw_website` [ RunTime:0.002943s ]
[ sql ] [ SQL ] SELECT * FROM `bw_website` [ RunTime:0.003132s ]
[ sql ] [ SQL ] SELECT * FROM `bw_category` WHERE  `isdel` = '0' [ RunTime:0.002553s ]
[ sql ] [ SQL ] SHOW COLUMNS FROM `bw_user` [ RunTime:0.002936s ]
[ sql ] [ SQL ] SELECT * FROM `bw_user` WHERE  `id` = 14 LIMIT 1 [ RunTime:0.002525s ]
[ sql ] [ SQL ] SHOW COLUMNS FROM `bw_fwjl` [ RunTime:0.003391s ]
[ sql ] [ SQL ] SELECT * FROM `bw_fwjl` WHERE  `uid` = 14 ORDER BY `retime`  desc LIMIT 5 [ RunTime:0.003568s ]
[ sql ] [ SQL ] SELECT * FROM `bw_user` WHERE  `id` = 14 [ RunTime:0.003298s ]
---------------------------------------------------------------
[ 2018-02-06T22:29:10+08:00 ] 0.0.0.0 GET /
[ info ] www.chenjiangtp5.com/ [运行时间：0.154980s][吞吐率：6.45req/s] [内存消耗：5,057.09kb] [文件加载：54]
[ info ] [ LANG ] D:\PHP\php\bwsmtp5\thinkphp\lang\zh-cn.php
[ info ] [ ROUTE ] array (
  'type' => 'module',
  'module' => 
  array (
    0 => '',
    1 => NULL,
    2 => NULL,
  ),
)
[ info ] [ HEADER ] array (
  'host' => 'www.chenjiangtp5.com',
  'connection' => 'keep-alive',
  'user-agent' => 'Mozilla/5.0 (Windows NT 6.3; Win64; x64) AppleWebKit/537.36 (KHTML, like Gecko) Chrome/61.0.3163.100 Safari/537.36',
  'upgrade-insecure-requests' => '1',
  'accept' => 'text/html,application/xhtml+xml,application/xml;q=0.9,image/webp,image/apng,*/*;q=0.8',
  'accept-encoding' => 'gzip, deflate',
  'accept-language' => 'zh-CN,zh;q=0.8',
  'cookie' => 'PHPSESSID=tag97e7ru9ars0gmnl85l1cgf3; Hm_lvt_b393d153aeb26b46e9431fabaf0f6190=1517886551; Hm_lpvt_b393d153aeb26b46e9431fabaf0f6190=1517886797; hzy_login_back=http://www.chenjiangtp5.com/index/index/index.html',
)
[ info ] [ PARAM ] array (
)
[ info ] [ RUN ] app\index\controller\Index->index[ D:\PHP\php\bwsmtp5\application\index\controller\Index.php ]
[ info ] [ DB ] INIT mysql
[ info ] [ VIEW ] D:\PHP\php\bwsmtp5\public/../application/index\view\index\index.html [ array (
  0 => 'data1',
  1 => 'data2',
  2 => 'data3',
  3 => 'data',
  4 => 'wzxx',
) ]
[ info ] [ SESSION ] INIT array (
  'id' => '',
  'var_session_id' => '',
  'prefix' => 'think',
  'type' => '',
  'auto_start' => true,
)
[ info ] [ LOG ] INIT File
[ sql ] [ DB ] CONNECT:[ UseTime:0.006573s ] mysql:host=10.0.113.141;dbname=bw;charset=utf8
[ sql ] [ SQL ] SHOW COLUMNS FROM `bw_category` [ RunTime:0.002777s ]
[ sql ] [ SQL ] SELECT COUNT(*) AS tp_count FROM `bw_category` WHERE  `pid` = 0  AND `isdel` = '0' LIMIT 1 [ RunTime:0.002664s ]
[ sql ] [ SQL ] SELECT * FROM `bw_category` WHERE  `pid` = 0  AND `isdel` = '0' ORDER BY `ordeby`  desc LIMIT 5 [ RunTime:0.003207s ]
[ sql ] [ SQL ] SELECT * FROM `bw_category` WHERE  `pid` = 0  AND `isdel` = '0' ORDER BY `ordeby`  desc LIMIT 5,6 [ RunTime:0.001670s ]
[ sql ] [ SQL ] SHOW COLUMNS FROM `bw_banner` [ RunTime:0.002880s ]
[ sql ] [ SQL ] SELECT * FROM `bw_banner` WHERE  `isdel` = 0 ORDER BY `orderby`  desc [ RunTime:0.002410s ]
[ sql ] [ SQL ] SHOW COLUMNS FROM `bw_link` [ RunTime:0.002708s ]
[ sql ] [ SQL ] SELECT * FROM `bw_link` ORDER BY `order`  asc [ RunTime:0.002391s ]
[ sql ] [ SQL ] SHOW COLUMNS FROM `bw_website` [ RunTime:0.002955s ]
[ sql ] [ SQL ] SELECT * FROM `bw_website` [ RunTime:0.003052s ]
---------------------------------------------------------------
[ 2018-02-06T22:29:11+08:00 ] 0.0.0.0 GET /static/index/css/bootstrap.css.map
[ info ] www.chenjiangtp5.com/static/index/css/bootstrap.css.map [运行时间：0.095893s][吞吐率：10.43req/s] [内存消耗：2,486.13kb] [文件加载：40]
[ info ] [ LANG ] D:\PHP\php\bwsmtp5\thinkphp\lang\zh-cn.php
[ info ] [ ROUTE ] array (
  'type' => 'module',
  'module' => 
  array (
    0 => 'static',
    1 => 'index',
    2 => 'css',
  ),
)
[ info ] [ HEADER ] array (
  'host' => 'www.chenjiangtp5.com',
  'connection' => 'keep-alive',
  'user-agent' => 'Mozilla/5.0 (Windows NT 6.3; Win64; x64) AppleWebKit/537.36 (KHTML, like Gecko) Chrome/61.0.3163.100 Safari/537.36',
  'accept-encoding' => 'gzip, deflate',
  'accept-language' => 'zh-CN,zh;q=0.8',
  'cookie' => 'PHPSESSID=tag97e7ru9ars0gmnl85l1cgf3; Hm_lvt_b393d153aeb26b46e9431fabaf0f6190=1517886551; Hm_lpvt_b393d153aeb26b46e9431fabaf0f6190=1517886797; hzy_login_back=http://www.chenjiangtp5.com/index/index/index.html',
)
[ info ] [ PARAM ] array (
)
[ info ] [ LOG ] INIT File
---------------------------------------------------------------
[ 2018-02-06T22:29:13+08:00 ] 0.0.0.0 GET /index/user/person
[ info ] www.chenjiangtp5.com/index/user/person [运行时间：0.241916s][吞吐率：4.13req/s] [内存消耗：5,177.39kb] [文件加载：56]
[ info ] [ LANG ] D:\PHP\php\bwsmtp5\thinkphp\lang\zh-cn.php
[ info ] [ ROUTE ] array (
  'type' => 'module',
  'module' => 
  array (
    0 => 'index',
    1 => 'user',
    2 => 'person',
  ),
)
[ info ] [ HEADER ] array (
  'host' => 'www.chenjiangtp5.com',
  'connection' => 'keep-alive',
  'upgrade-insecure-requests' => '1',
  'user-agent' => 'Mozilla/5.0 (Windows NT 6.3; Win64; x64) AppleWebKit/537.36 (KHTML, like Gecko) Chrome/61.0.3163.100 Safari/537.36',
  'accept' => 'text/html,application/xhtml+xml,application/xml;q=0.9,image/webp,image/apng,*/*;q=0.8',
  'referer' => 'http://www.chenjiangtp5.com/',
  'accept-encoding' => 'gzip, deflate',
  'accept-language' => 'zh-CN,zh;q=0.8',
  'cookie' => 'PHPSESSID=tag97e7ru9ars0gmnl85l1cgf3; Hm_lvt_b393d153aeb26b46e9431fabaf0f6190=1517886551; Hm_lpvt_b393d153aeb26b46e9431fabaf0f6190=1517886797; hzy_login_back=',
)
[ info ] [ PARAM ] array (
)
[ info ] [ RUN ] app\index\controller\User->person[ D:\PHP\php\bwsmtp5\application\index\controller\User.php ]
[ info ] [ DB ] INIT mysql
[ info ] [ SESSION ] INIT array (
  'id' => '',
  'var_session_id' => '',
  'prefix' => 'think',
  'type' => '',
  'auto_start' => true,
)
[ info ] [ VIEW ] D:\PHP\php\bwsmtp5\public/../application/index\view\user\person.html [ array (
  0 => 'data3',
  1 => 'data2',
  2 => 'data4',
  3 => 'wzxx',
  4 => 'data',
  5 => 'data1',
  6 => 'jl',
  7 => 'info',
) ]
[ info ] [ LOG ] INIT File
[ sql ] [ DB ] CONNECT:[ UseTime:0.005635s ] mysql:host=10.0.113.141;dbname=bw;charset=utf8
[ sql ] [ SQL ] SHOW COLUMNS FROM `bw_category` [ RunTime:0.002494s ]
[ sql ] [ SQL ] SELECT COUNT(*) AS tp_count FROM `bw_category` WHERE  `pid` = 0  AND `isdel` = '0' LIMIT 1 [ RunTime:0.003366s ]
[ sql ] [ SQL ] SELECT * FROM `bw_category` WHERE  `pid` = 0  AND `isdel` = '0' ORDER BY `ordeby`  desc LIMIT 5 [ RunTime:0.004345s ]
[ sql ] [ SQL ] SELECT * FROM `bw_category` WHERE  `pid` = 0  AND `isdel` = '0' ORDER BY `ordeby`  desc LIMIT 5,6 [ RunTime:0.004385s ]
[ sql ] [ SQL ] SHOW COLUMNS FROM `bw_link` [ RunTime:0.005633s ]
[ sql ] [ SQL ] SELECT * FROM `bw_link` ORDER BY `order`  asc [ RunTime:0.005312s ]
[ sql ] [ SQL ] SHOW COLUMNS FROM `bw_website` [ RunTime:0.003347s ]
[ sql ] [ SQL ] SELECT * FROM `bw_website` [ RunTime:0.004013s ]
[ sql ] [ SQL ] SELECT * FROM `bw_category` WHERE  `isdel` = '0' [ RunTime:0.002974s ]
[ sql ] [ SQL ] SHOW COLUMNS FROM `bw_user` [ RunTime:0.004144s ]
[ sql ] [ SQL ] SELECT * FROM `bw_user` WHERE  `id` = 14 LIMIT 1 [ RunTime:0.004128s ]
[ sql ] [ SQL ] SHOW COLUMNS FROM `bw_fwjl` [ RunTime:0.002252s ]
[ sql ] [ SQL ] SELECT * FROM `bw_fwjl` WHERE  `uid` = 14 ORDER BY `retime`  desc LIMIT 5 [ RunTime:0.003189s ]
[ sql ] [ SQL ] SELECT * FROM `bw_user` WHERE  `id` = 14 [ RunTime:0.002748s ]
---------------------------------------------------------------
[ 2018-02-06T22:29:13+08:00 ] 0.0.0.0 GET /static/index/css/bootstrap.css.map
[ info ] www.chenjiangtp5.com/static/index/css/bootstrap.css.map [运行时间：0.117902s][吞吐率：8.48req/s] [内存消耗：2,485.96kb] [文件加载：40]
[ info ] [ LANG ] D:\PHP\php\bwsmtp5\thinkphp\lang\zh-cn.php
[ info ] [ ROUTE ] array (
  'type' => 'module',
  'module' => 
  array (
    0 => 'static',
    1 => 'index',
    2 => 'css',
  ),
)
[ info ] [ HEADER ] array (
  'host' => 'www.chenjiangtp5.com',
  'connection' => 'keep-alive',
  'user-agent' => 'Mozilla/5.0 (Windows NT 6.3; Win64; x64) AppleWebKit/537.36 (KHTML, like Gecko) Chrome/61.0.3163.100 Safari/537.36',
  'accept-encoding' => 'gzip, deflate',
  'accept-language' => 'zh-CN,zh;q=0.8',
  'cookie' => 'PHPSESSID=tag97e7ru9ars0gmnl85l1cgf3; Hm_lvt_b393d153aeb26b46e9431fabaf0f6190=1517886551; Hm_lpvt_b393d153aeb26b46e9431fabaf0f6190=1517886797; hzy_login_back=http://www.chenjiangtp5.com/',
)
[ info ] [ PARAM ] array (
)
[ info ] [ LOG ] INIT File
---------------------------------------------------------------
[ 2018-02-06T22:31:07+08:00 ] 0.0.0.0 GET /index/user/person
[ info ] www.chenjiangtp5.com/index/user/person [运行时间：0.231051s][吞吐率：4.33req/s] [内存消耗：5,470.42kb] [文件加载：58]
[ info ] [ LANG ] D:\PHP\php\bwsmtp5\thinkphp\lang\zh-cn.php
[ info ] [ ROUTE ] array (
  'type' => 'module',
  'module' => 
  array (
    0 => 'index',
    1 => 'user',
    2 => 'person',
  ),
)
[ info ] [ HEADER ] array (
  'host' => 'www.chenjiangtp5.com',
  'connection' => 'keep-alive',
  'cache-control' => 'max-age=0',
  'upgrade-insecure-requests' => '1',
  'user-agent' => 'Mozilla/5.0 (Windows NT 6.3; Win64; x64) AppleWebKit/537.36 (KHTML, like Gecko) Chrome/61.0.3163.100 Safari/537.36',
  'accept' => 'text/html,application/xhtml+xml,application/xml;q=0.9,image/webp,image/apng,*/*;q=0.8',
  'referer' => 'http://www.chenjiangtp5.com/',
  'accept-encoding' => 'gzip, deflate',
  'accept-language' => 'zh-CN,zh;q=0.8',
  'cookie' => 'PHPSESSID=tag97e7ru9ars0gmnl85l1cgf3; Hm_lvt_b393d153aeb26b46e9431fabaf0f6190=1517886551; Hm_lpvt_b393d153aeb26b46e9431fabaf0f6190=1517886797; hzy_login_back=http://www.chenjiangtp5.com/',
)
[ info ] [ PARAM ] array (
)
[ info ] [ RUN ] app\index\controller\User->person[ D:\PHP\php\bwsmtp5\application\index\controller\User.php ]
[ info ] [ DB ] INIT mysql
[ info ] [ SESSION ] INIT array (
  'id' => '',
  'var_session_id' => '',
  'prefix' => 'think',
  'type' => '',
  'auto_start' => true,
)
[ info ] [ VIEW ] D:\PHP\php\bwsmtp5\public/../application/index\view\user\person.html [ array (
  0 => 'data3',
  1 => 'data2',
  2 => 'data4',
  3 => 'wzxx',
  4 => 'data',
  5 => 'data1',
  6 => 'jl',
  7 => 'info',
) ]
[ info ] [ LOG ] INIT File
[ sql ] [ DB ] CONNECT:[ UseTime:0.016347s ] mysql:host=10.0.113.141;dbname=bw;charset=utf8
[ sql ] [ SQL ] SHOW COLUMNS FROM `bw_category` [ RunTime:0.005702s ]
[ sql ] [ SQL ] SELECT COUNT(*) AS tp_count FROM `bw_category` WHERE  `pid` = 0  AND `isdel` = '0' LIMIT 1 [ RunTime:0.002411s ]
[ sql ] [ SQL ] SELECT * FROM `bw_category` WHERE  `pid` = 0  AND `isdel` = '0' ORDER BY `ordeby`  desc LIMIT 5 [ RunTime:0.004011s ]
[ sql ] [ SQL ] SELECT * FROM `bw_category` WHERE  `pid` = 0  AND `isdel` = '0' ORDER BY `ordeby`  desc LIMIT 5,6 [ RunTime:0.004035s ]
[ sql ] [ SQL ] SHOW COLUMNS FROM `bw_link` [ RunTime:0.003915s ]
[ sql ] [ SQL ] SELECT * FROM `bw_link` ORDER BY `order`  asc [ RunTime:0.002816s ]
[ sql ] [ SQL ] SHOW COLUMNS FROM `bw_website` [ RunTime:0.002428s ]
[ sql ] [ SQL ] SELECT * FROM `bw_website` [ RunTime:0.002930s ]
[ sql ] [ SQL ] SELECT * FROM `bw_category` WHERE  `isdel` = '0' [ RunTime:0.004036s ]
[ sql ] [ SQL ] SHOW COLUMNS FROM `bw_user` [ RunTime:0.003457s ]
[ sql ] [ SQL ] SELECT * FROM `bw_user` WHERE  `id` = 14 LIMIT 1 [ RunTime:0.004467s ]
[ sql ] [ SQL ] SHOW COLUMNS FROM `bw_fwjl` [ RunTime:0.003261s ]
[ sql ] [ SQL ] SELECT * FROM `bw_fwjl` WHERE  `uid` = 14 ORDER BY `retime`  desc LIMIT 5 [ RunTime:0.002761s ]
[ sql ] [ SQL ] SELECT * FROM `bw_user` WHERE  `id` = 14 [ RunTime:0.002500s ]
---------------------------------------------------------------
[ 2018-02-06T22:31:08+08:00 ] 0.0.0.0 GET /static/index/css/bootstrap.css.map
[ info ] www.chenjiangtp5.com/static/index/css/bootstrap.css.map [运行时间：0.110932s][吞吐率：9.01req/s] [内存消耗：2,485.96kb] [文件加载：40]
[ info ] [ LANG ] D:\PHP\php\bwsmtp5\thinkphp\lang\zh-cn.php
[ info ] [ ROUTE ] array (
  'type' => 'module',
  'module' => 
  array (
    0 => 'static',
    1 => 'index',
    2 => 'css',
  ),
)
[ info ] [ HEADER ] array (
  'host' => 'www.chenjiangtp5.com',
  'connection' => 'keep-alive',
  'user-agent' => 'Mozilla/5.0 (Windows NT 6.3; Win64; x64) AppleWebKit/537.36 (KHTML, like Gecko) Chrome/61.0.3163.100 Safari/537.36',
  'accept-encoding' => 'gzip, deflate',
  'accept-language' => 'zh-CN,zh;q=0.8',
  'cookie' => 'PHPSESSID=tag97e7ru9ars0gmnl85l1cgf3; Hm_lvt_b393d153aeb26b46e9431fabaf0f6190=1517886551; Hm_lpvt_b393d153aeb26b46e9431fabaf0f6190=1517886797; hzy_login_back=http://www.chenjiangtp5.com/',
)
[ info ] [ PARAM ] array (
)
[ info ] [ LOG ] INIT File
---------------------------------------------------------------
[ 2018-02-06T22:34:51+08:00 ] 0.0.0.0 GET /index/user/person
[ info ] www.chenjiangtp5.com/index/user/person [运行时间：0.178841s][吞吐率：5.59req/s] [内存消耗：5,470.55kb] [文件加载：58]
[ info ] [ LANG ] D:\PHP\php\bwsmtp5\thinkphp\lang\zh-cn.php
[ info ] [ ROUTE ] array (
  'type' => 'module',
  'module' => 
  array (
    0 => 'index',
    1 => 'user',
    2 => 'person',
  ),
)
[ info ] [ HEADER ] array (
  'host' => 'www.chenjiangtp5.com',
  'connection' => 'keep-alive',
  'cache-control' => 'max-age=0',
  'upgrade-insecure-requests' => '1',
  'user-agent' => 'Mozilla/5.0 (Windows NT 6.3; Win64; x64) AppleWebKit/537.36 (KHTML, like Gecko) Chrome/61.0.3163.100 Safari/537.36',
  'accept' => 'text/html,application/xhtml+xml,application/xml;q=0.9,image/webp,image/apng,*/*;q=0.8',
  'referer' => 'http://www.chenjiangtp5.com/',
  'accept-encoding' => 'gzip, deflate',
  'accept-language' => 'zh-CN,zh;q=0.8',
  'cookie' => 'PHPSESSID=tag97e7ru9ars0gmnl85l1cgf3; Hm_lvt_b393d153aeb26b46e9431fabaf0f6190=1517886551; Hm_lpvt_b393d153aeb26b46e9431fabaf0f6190=1517886797; hzy_login_back=http://www.chenjiangtp5.com/',
)
[ info ] [ PARAM ] array (
)
[ info ] [ RUN ] app\index\controller\User->person[ D:\PHP\php\bwsmtp5\application\index\controller\User.php ]
[ info ] [ DB ] INIT mysql
[ info ] [ SESSION ] INIT array (
  'id' => '',
  'var_session_id' => '',
  'prefix' => 'think',
  'type' => '',
  'auto_start' => true,
)
[ info ] [ VIEW ] D:\PHP\php\bwsmtp5\public/../application/index\view\user\person.html [ array (
  0 => 'data3',
  1 => 'data2',
  2 => 'data4',
  3 => 'wzxx',
  4 => 'data',
  5 => 'data1',
  6 => 'jl',
  7 => 'info',
) ]
[ info ] [ LOG ] INIT File
[ sql ] [ DB ] CONNECT:[ UseTime:0.015351s ] mysql:host=10.0.113.141;dbname=bw;charset=utf8
[ sql ] [ SQL ] SHOW COLUMNS FROM `bw_category` [ RunTime:0.002488s ]
[ sql ] [ SQL ] SELECT COUNT(*) AS tp_count FROM `bw_category` WHERE  `pid` = 0  AND `isdel` = '0' LIMIT 1 [ RunTime:0.003018s ]
[ sql ] [ SQL ] SELECT * FROM `bw_category` WHERE  `pid` = 0  AND `isdel` = '0' ORDER BY `ordeby`  desc LIMIT 5 [ RunTime:0.003351s ]
[ sql ] [ SQL ] SELECT * FROM `bw_category` WHERE  `pid` = 0  AND `isdel` = '0' ORDER BY `ordeby`  desc LIMIT 5,6 [ RunTime:0.002638s ]
[ sql ] [ SQL ] SHOW COLUMNS FROM `bw_link` [ RunTime:0.002533s ]
[ sql ] [ SQL ] SELECT * FROM `bw_link` ORDER BY `order`  asc [ RunTime:0.002777s ]
[ sql ] [ SQL ] SHOW COLUMNS FROM `bw_website` [ RunTime:0.004584s ]
[ sql ] [ SQL ] SELECT * FROM `bw_website` [ RunTime:0.004799s ]
[ sql ] [ SQL ] SELECT * FROM `bw_category` WHERE  `isdel` = '0' [ RunTime:0.003074s ]
[ sql ] [ SQL ] SHOW COLUMNS FROM `bw_user` [ RunTime:0.005297s ]
[ sql ] [ SQL ] SELECT * FROM `bw_user` WHERE  `id` = 14 LIMIT 1 [ RunTime:0.004315s ]
[ sql ] [ SQL ] SHOW COLUMNS FROM `bw_fwjl` [ RunTime:0.004204s ]
[ sql ] [ SQL ] SELECT * FROM `bw_fwjl` WHERE  `uid` = 14 ORDER BY `retime`  desc LIMIT 5 [ RunTime:0.002356s ]
[ sql ] [ SQL ] SELECT * FROM `bw_user` WHERE  `id` = 14 [ RunTime:0.005351s ]
---------------------------------------------------------------
[ 2018-02-06T22:34:52+08:00 ] 0.0.0.0 GET /static/index/css/bootstrap.css.map
[ info ] www.chenjiangtp5.com/static/index/css/bootstrap.css.map [运行时间：0.077684s][吞吐率：12.87req/s] [内存消耗：2,485.96kb] [文件加载：40]
[ info ] [ LANG ] D:\PHP\php\bwsmtp5\thinkphp\lang\zh-cn.php
[ info ] [ ROUTE ] array (
  'type' => 'module',
  'module' => 
  array (
    0 => 'static',
    1 => 'index',
    2 => 'css',
  ),
)
[ info ] [ HEADER ] array (
  'host' => 'www.chenjiangtp5.com',
  'connection' => 'keep-alive',
  'user-agent' => 'Mozilla/5.0 (Windows NT 6.3; Win64; x64) AppleWebKit/537.36 (KHTML, like Gecko) Chrome/61.0.3163.100 Safari/537.36',
  'accept-encoding' => 'gzip, deflate',
  'accept-language' => 'zh-CN,zh;q=0.8',
  'cookie' => 'PHPSESSID=tag97e7ru9ars0gmnl85l1cgf3; Hm_lvt_b393d153aeb26b46e9431fabaf0f6190=1517886551; Hm_lpvt_b393d153aeb26b46e9431fabaf0f6190=1517886797; hzy_login_back=http://www.chenjiangtp5.com/',
)
[ info ] [ PARAM ] array (
)
[ info ] [ LOG ] INIT File
---------------------------------------------------------------
[ 2018-02-06T22:35:53+08:00 ] 0.0.0.0 GET /index/user/person
[ info ] www.chenjiangtp5.com/index/user/person [运行时间：0.222064s][吞吐率：4.50req/s] [内存消耗：5,470.57kb] [文件加载：58]
[ info ] [ LANG ] D:\PHP\php\bwsmtp5\thinkphp\lang\zh-cn.php
[ info ] [ ROUTE ] array (
  'type' => 'module',
  'module' => 
  array (
    0 => 'index',
    1 => 'user',
    2 => 'person',
  ),
)
[ info ] [ HEADER ] array (
  'host' => 'www.chenjiangtp5.com',
  'connection' => 'keep-alive',
  'cache-control' => 'max-age=0',
  'upgrade-insecure-requests' => '1',
  'user-agent' => 'Mozilla/5.0 (Windows NT 6.3; Win64; x64) AppleWebKit/537.36 (KHTML, like Gecko) Chrome/61.0.3163.100 Safari/537.36',
  'accept' => 'text/html,application/xhtml+xml,application/xml;q=0.9,image/webp,image/apng,*/*;q=0.8',
  'referer' => 'http://www.chenjiangtp5.com/',
  'accept-encoding' => 'gzip, deflate',
  'accept-language' => 'zh-CN,zh;q=0.8',
  'cookie' => 'PHPSESSID=tag97e7ru9ars0gmnl85l1cgf3; Hm_lvt_b393d153aeb26b46e9431fabaf0f6190=1517886551; Hm_lpvt_b393d153aeb26b46e9431fabaf0f6190=1517886797; hzy_login_back=http://www.chenjiangtp5.com/',
)
[ info ] [ PARAM ] array (
)
[ info ] [ RUN ] app\index\controller\User->person[ D:\PHP\php\bwsmtp5\application\index\controller\User.php ]
[ info ] [ DB ] INIT mysql
[ info ] [ SESSION ] INIT array (
  'id' => '',
  'var_session_id' => '',
  'prefix' => 'think',
  'type' => '',
  'auto_start' => true,
)
[ info ] [ VIEW ] D:\PHP\php\bwsmtp5\public/../application/index\view\user\person.html [ array (
  0 => 'data3',
  1 => 'data2',
  2 => 'data4',
  3 => 'wzxx',
  4 => 'data',
  5 => 'data1',
  6 => 'jl',
  7 => 'info',
) ]
[ info ] [ LOG ] INIT File
[ sql ] [ DB ] CONNECT:[ UseTime:0.009108s ] mysql:host=10.0.113.141;dbname=bw;charset=utf8
[ sql ] [ SQL ] SHOW COLUMNS FROM `bw_category` [ RunTime:0.003282s ]
[ sql ] [ SQL ] SELECT COUNT(*) AS tp_count FROM `bw_category` WHERE  `pid` = 0  AND `isdel` = '0' LIMIT 1 [ RunTime:0.003773s ]
[ sql ] [ SQL ] SELECT * FROM `bw_category` WHERE  `pid` = 0  AND `isdel` = '0' ORDER BY `ordeby`  desc LIMIT 5 [ RunTime:0.005483s ]
[ sql ] [ SQL ] SELECT * FROM `bw_category` WHERE  `pid` = 0  AND `isdel` = '0' ORDER BY `ordeby`  desc LIMIT 5,6 [ RunTime:0.002801s ]
[ sql ] [ SQL ] SHOW COLUMNS FROM `bw_link` [ RunTime:0.002492s ]
[ sql ] [ SQL ] SELECT * FROM `bw_link` ORDER BY `order`  asc [ RunTime:0.003606s ]
[ sql ] [ SQL ] SHOW COLUMNS FROM `bw_website` [ RunTime:0.004734s ]
[ sql ] [ SQL ] SELECT * FROM `bw_website` [ RunTime:0.003737s ]
[ sql ] [ SQL ] SELECT * FROM `bw_category` WHERE  `isdel` = '0' [ RunTime:0.004218s ]
[ sql ] [ SQL ] SHOW COLUMNS FROM `bw_user` [ RunTime:0.002809s ]
[ sql ] [ SQL ] SELECT * FROM `bw_user` WHERE  `id` = 14 LIMIT 1 [ RunTime:0.003921s ]
[ sql ] [ SQL ] SHOW COLUMNS FROM `bw_fwjl` [ RunTime:0.002664s ]
[ sql ] [ SQL ] SELECT * FROM `bw_fwjl` WHERE  `uid` = 14 ORDER BY `retime`  desc LIMIT 5 [ RunTime:0.001557s ]
[ sql ] [ SQL ] SELECT * FROM `bw_user` WHERE  `id` = 14 [ RunTime:0.002970s ]
---------------------------------------------------------------
[ 2018-02-06T22:35:53+08:00 ] 0.0.0.0 GET /static/index/css/bootstrap.css.map
[ info ] www.chenjiangtp5.com/static/index/css/bootstrap.css.map [运行时间：0.083531s][吞吐率：11.97req/s] [内存消耗：2,485.96kb] [文件加载：40]
[ info ] [ LANG ] D:\PHP\php\bwsmtp5\thinkphp\lang\zh-cn.php
[ info ] [ ROUTE ] array (
  'type' => 'module',
  'module' => 
  array (
    0 => 'static',
    1 => 'index',
    2 => 'css',
  ),
)
[ info ] [ HEADER ] array (
  'host' => 'www.chenjiangtp5.com',
  'connection' => 'keep-alive',
  'user-agent' => 'Mozilla/5.0 (Windows NT 6.3; Win64; x64) AppleWebKit/537.36 (KHTML, like Gecko) Chrome/61.0.3163.100 Safari/537.36',
  'accept-encoding' => 'gzip, deflate',
  'accept-language' => 'zh-CN,zh;q=0.8',
  'cookie' => 'PHPSESSID=tag97e7ru9ars0gmnl85l1cgf3; Hm_lvt_b393d153aeb26b46e9431fabaf0f6190=1517886551; Hm_lpvt_b393d153aeb26b46e9431fabaf0f6190=1517886797; hzy_login_back=http://www.chenjiangtp5.com/',
)
[ info ] [ PARAM ] array (
)
[ info ] [ LOG ] INIT File
---------------------------------------------------------------
[ 2018-02-06T22:36:20+08:00 ] 0.0.0.0 GET /index/user/person
[ info ] www.chenjiangtp5.com/index/user/person [运行时间：0.164972s][吞吐率：6.06req/s] [内存消耗：5,470.57kb] [文件加载：58]
[ info ] [ LANG ] D:\PHP\php\bwsmtp5\thinkphp\lang\zh-cn.php
[ info ] [ ROUTE ] array (
  'type' => 'module',
  'module' => 
  array (
    0 => 'index',
    1 => 'user',
    2 => 'person',
  ),
)
[ info ] [ HEADER ] array (
  'host' => 'www.chenjiangtp5.com',
  'connection' => 'keep-alive',
  'cache-control' => 'max-age=0',
  'upgrade-insecure-requests' => '1',
  'user-agent' => 'Mozilla/5.0 (Windows NT 6.3; Win64; x64) AppleWebKit/537.36 (KHTML, like Gecko) Chrome/61.0.3163.100 Safari/537.36',
  'accept' => 'text/html,application/xhtml+xml,application/xml;q=0.9,image/webp,image/apng,*/*;q=0.8',
  'referer' => 'http://www.chenjiangtp5.com/',
  'accept-encoding' => 'gzip, deflate',
  'accept-language' => 'zh-CN,zh;q=0.8',
  'cookie' => 'PHPSESSID=tag97e7ru9ars0gmnl85l1cgf3; Hm_lvt_b393d153aeb26b46e9431fabaf0f6190=1517886551; Hm_lpvt_b393d153aeb26b46e9431fabaf0f6190=1517886797; hzy_login_back=http://www.chenjiangtp5.com/',
)
[ info ] [ PARAM ] array (
)
[ info ] [ RUN ] app\index\controller\User->person[ D:\PHP\php\bwsmtp5\application\index\controller\User.php ]
[ info ] [ DB ] INIT mysql
[ info ] [ SESSION ] INIT array (
  'id' => '',
  'var_session_id' => '',
  'prefix' => 'think',
  'type' => '',
  'auto_start' => true,
)
[ info ] [ VIEW ] D:\PHP\php\bwsmtp5\public/../application/index\view\user\person.html [ array (
  0 => 'data3',
  1 => 'data2',
  2 => 'data4',
  3 => 'wzxx',
  4 => 'data',
  5 => 'data1',
  6 => 'jl',
  7 => 'info',
) ]
[ info ] [ LOG ] INIT File
[ sql ] [ DB ] CONNECT:[ UseTime:0.004126s ] mysql:host=10.0.113.141;dbname=bw;charset=utf8
[ sql ] [ SQL ] SHOW COLUMNS FROM `bw_category` [ RunTime:0.005225s ]
[ sql ] [ SQL ] SELECT COUNT(*) AS tp_count FROM `bw_category` WHERE  `pid` = 0  AND `isdel` = '0' LIMIT 1 [ RunTime:0.004054s ]
[ sql ] [ SQL ] SELECT * FROM `bw_category` WHERE  `pid` = 0  AND `isdel` = '0' ORDER BY `ordeby`  desc LIMIT 5 [ RunTime:0.002487s ]
[ sql ] [ SQL ] SELECT * FROM `bw_category` WHERE  `pid` = 0  AND `isdel` = '0' ORDER BY `ordeby`  desc LIMIT 5,6 [ RunTime:0.003275s ]
[ sql ] [ SQL ] SHOW COLUMNS FROM `bw_link` [ RunTime:0.002858s ]
[ sql ] [ SQL ] SELECT * FROM `bw_link` ORDER BY `order`  asc [ RunTime:0.002081s ]
[ sql ] [ SQL ] SHOW COLUMNS FROM `bw_website` [ RunTime:0.002677s ]
[ sql ] [ SQL ] SELECT * FROM `bw_website` [ RunTime:0.002448s ]
[ sql ] [ SQL ] SELECT * FROM `bw_category` WHERE  `isdel` = '0' [ RunTime:0.004941s ]
[ sql ] [ SQL ] SHOW COLUMNS FROM `bw_user` [ RunTime:0.003251s ]
[ sql ] [ SQL ] SELECT * FROM `bw_user` WHERE  `id` = 14 LIMIT 1 [ RunTime:0.002711s ]
[ sql ] [ SQL ] SHOW COLUMNS FROM `bw_fwjl` [ RunTime:0.004815s ]
[ sql ] [ SQL ] SELECT * FROM `bw_fwjl` WHERE  `uid` = 14 ORDER BY `retime`  desc LIMIT 5 [ RunTime:0.002437s ]
[ sql ] [ SQL ] SELECT * FROM `bw_user` WHERE  `id` = 14 [ RunTime:0.002316s ]
---------------------------------------------------------------
[ 2018-02-06T22:36:21+08:00 ] 0.0.0.0 GET /static/index/css/bootstrap.css.map
[ info ] www.chenjiangtp5.com/static/index/css/bootstrap.css.map [运行时间：0.082250s][吞吐率：12.16req/s] [内存消耗：2,485.96kb] [文件加载：40]
[ info ] [ LANG ] D:\PHP\php\bwsmtp5\thinkphp\lang\zh-cn.php
[ info ] [ ROUTE ] array (
  'type' => 'module',
  'module' => 
  array (
    0 => 'static',
    1 => 'index',
    2 => 'css',
  ),
)
[ info ] [ HEADER ] array (
  'host' => 'www.chenjiangtp5.com',
  'connection' => 'keep-alive',
  'user-agent' => 'Mozilla/5.0 (Windows NT 6.3; Win64; x64) AppleWebKit/537.36 (KHTML, like Gecko) Chrome/61.0.3163.100 Safari/537.36',
  'accept-encoding' => 'gzip, deflate',
  'accept-language' => 'zh-CN,zh;q=0.8',
  'cookie' => 'PHPSESSID=tag97e7ru9ars0gmnl85l1cgf3; Hm_lvt_b393d153aeb26b46e9431fabaf0f6190=1517886551; Hm_lpvt_b393d153aeb26b46e9431fabaf0f6190=1517886797; hzy_login_back=http://www.chenjiangtp5.com/',
)
[ info ] [ PARAM ] array (
)
[ info ] [ LOG ] INIT File
---------------------------------------------------------------
[ 2018-02-06T22:37:08+08:00 ] 0.0.0.0 GET /index/user/person
[ info ] www.chenjiangtp5.com/index/user/person [运行时间：0.202966s][吞吐率：4.93req/s] [内存消耗：5,470.63kb] [文件加载：58]
[ info ] [ LANG ] D:\PHP\php\bwsmtp5\thinkphp\lang\zh-cn.php
[ info ] [ ROUTE ] array (
  'type' => 'module',
  'module' => 
  array (
    0 => 'index',
    1 => 'user',
    2 => 'person',
  ),
)
[ info ] [ HEADER ] array (
  'host' => 'www.chenjiangtp5.com',
  'connection' => 'keep-alive',
  'cache-control' => 'max-age=0',
  'upgrade-insecure-requests' => '1',
  'user-agent' => 'Mozilla/5.0 (Windows NT 6.3; Win64; x64) AppleWebKit/537.36 (KHTML, like Gecko) Chrome/61.0.3163.100 Safari/537.36',
  'accept' => 'text/html,application/xhtml+xml,application/xml;q=0.9,image/webp,image/apng,*/*;q=0.8',
  'referer' => 'http://www.chenjiangtp5.com/',
  'accept-encoding' => 'gzip, deflate',
  'accept-language' => 'zh-CN,zh;q=0.8',
  'cookie' => 'PHPSESSID=tag97e7ru9ars0gmnl85l1cgf3; Hm_lvt_b393d153aeb26b46e9431fabaf0f6190=1517886551; Hm_lpvt_b393d153aeb26b46e9431fabaf0f6190=1517886797; hzy_login_back=http://www.chenjiangtp5.com/',
)
[ info ] [ PARAM ] array (
)
[ info ] [ RUN ] app\index\controller\User->person[ D:\PHP\php\bwsmtp5\application\index\controller\User.php ]
[ info ] [ DB ] INIT mysql
[ info ] [ SESSION ] INIT array (
  'id' => '',
  'var_session_id' => '',
  'prefix' => 'think',
  'type' => '',
  'auto_start' => true,
)
[ info ] [ VIEW ] D:\PHP\php\bwsmtp5\public/../application/index\view\user\person.html [ array (
  0 => 'data3',
  1 => 'data2',
  2 => 'data4',
  3 => 'wzxx',
  4 => 'data',
  5 => 'data1',
  6 => 'jl',
  7 => 'info',
) ]
[ info ] [ LOG ] INIT File
[ sql ] [ DB ] CONNECT:[ UseTime:0.004361s ] mysql:host=10.0.113.141;dbname=bw;charset=utf8
[ sql ] [ SQL ] SHOW COLUMNS FROM `bw_category` [ RunTime:0.003259s ]
[ sql ] [ SQL ] SELECT COUNT(*) AS tp_count FROM `bw_category` WHERE  `pid` = 0  AND `isdel` = '0' LIMIT 1 [ RunTime:0.002273s ]
[ sql ] [ SQL ] SELECT * FROM `bw_category` WHERE  `pid` = 0  AND `isdel` = '0' ORDER BY `ordeby`  desc LIMIT 5 [ RunTime:0.002765s ]
[ sql ] [ SQL ] SELECT * FROM `bw_category` WHERE  `pid` = 0  AND `isdel` = '0' ORDER BY `ordeby`  desc LIMIT 5,6 [ RunTime:0.005075s ]
[ sql ] [ SQL ] SHOW COLUMNS FROM `bw_link` [ RunTime:0.003165s ]
[ sql ] [ SQL ] SELECT * FROM `bw_link` ORDER BY `order`  asc [ RunTime:0.002969s ]
[ sql ] [ SQL ] SHOW COLUMNS FROM `bw_website` [ RunTime:0.003674s ]
[ sql ] [ SQL ] SELECT * FROM `bw_website` [ RunTime:0.002848s ]
[ sql ] [ SQL ] SELECT * FROM `bw_category` WHERE  `isdel` = '0' [ RunTime:0.004941s ]
[ sql ] [ SQL ] SHOW COLUMNS FROM `bw_user` [ RunTime:0.004242s ]
[ sql ] [ SQL ] SELECT * FROM `bw_user` WHERE  `id` = 14 LIMIT 1 [ RunTime:0.003067s ]
[ sql ] [ SQL ] SHOW COLUMNS FROM `bw_fwjl` [ RunTime:0.002712s ]
[ sql ] [ SQL ] SELECT * FROM `bw_fwjl` WHERE  `uid` = 14 ORDER BY `retime`  desc LIMIT 5 [ RunTime:0.004812s ]
[ sql ] [ SQL ] SELECT * FROM `bw_user` WHERE  `id` = 14 [ RunTime:0.003636s ]
---------------------------------------------------------------
[ 2018-02-06T22:37:09+08:00 ] 0.0.0.0 GET /static/index/css/bootstrap.css.map
[ info ] www.chenjiangtp5.com/static/index/css/bootstrap.css.map [运行时间：0.093742s][吞吐率：10.67req/s] [内存消耗：2,485.96kb] [文件加载：40]
[ info ] [ LANG ] D:\PHP\php\bwsmtp5\thinkphp\lang\zh-cn.php
[ info ] [ ROUTE ] array (
  'type' => 'module',
  'module' => 
  array (
    0 => 'static',
    1 => 'index',
    2 => 'css',
  ),
)
[ info ] [ HEADER ] array (
  'host' => 'www.chenjiangtp5.com',
  'connection' => 'keep-alive',
  'user-agent' => 'Mozilla/5.0 (Windows NT 6.3; Win64; x64) AppleWebKit/537.36 (KHTML, like Gecko) Chrome/61.0.3163.100 Safari/537.36',
  'accept-encoding' => 'gzip, deflate',
  'accept-language' => 'zh-CN,zh;q=0.8',
  'cookie' => 'PHPSESSID=tag97e7ru9ars0gmnl85l1cgf3; Hm_lvt_b393d153aeb26b46e9431fabaf0f6190=1517886551; Hm_lpvt_b393d153aeb26b46e9431fabaf0f6190=1517886797; hzy_login_back=http://www.chenjiangtp5.com/',
)
[ info ] [ PARAM ] array (
)
[ info ] [ LOG ] INIT File
---------------------------------------------------------------
[ 2018-02-06T22:39:00+08:00 ] 0.0.0.0 GET /index/user/person
[ info ] www.chenjiangtp5.com/index/user/person [运行时间：0.231888s][吞吐率：4.31req/s] [内存消耗：5,470.94kb] [文件加载：58]
[ info ] [ LANG ] D:\PHP\php\bwsmtp5\thinkphp\lang\zh-cn.php
[ info ] [ ROUTE ] array (
  'type' => 'module',
  'module' => 
  array (
    0 => 'index',
    1 => 'user',
    2 => 'person',
  ),
)
[ info ] [ HEADER ] array (
  'host' => 'www.chenjiangtp5.com',
  'connection' => 'keep-alive',
  'cache-control' => 'max-age=0',
  'upgrade-insecure-requests' => '1',
  'user-agent' => 'Mozilla/5.0 (Windows NT 6.3; Win64; x64) AppleWebKit/537.36 (KHTML, like Gecko) Chrome/61.0.3163.100 Safari/537.36',
  'accept' => 'text/html,application/xhtml+xml,application/xml;q=0.9,image/webp,image/apng,*/*;q=0.8',
  'referer' => 'http://www.chenjiangtp5.com/',
  'accept-encoding' => 'gzip, deflate',
  'accept-language' => 'zh-CN,zh;q=0.8',
  'cookie' => 'PHPSESSID=tag97e7ru9ars0gmnl85l1cgf3; Hm_lvt_b393d153aeb26b46e9431fabaf0f6190=1517886551; Hm_lpvt_b393d153aeb26b46e9431fabaf0f6190=1517886797; hzy_login_back=http://www.chenjiangtp5.com/',
)
[ info ] [ PARAM ] array (
)
[ info ] [ RUN ] app\index\controller\User->person[ D:\PHP\php\bwsmtp5\application\index\controller\User.php ]
[ info ] [ DB ] INIT mysql
[ info ] [ SESSION ] INIT array (
  'id' => '',
  'var_session_id' => '',
  'prefix' => 'think',
  'type' => '',
  'auto_start' => true,
)
[ info ] [ VIEW ] D:\PHP\php\bwsmtp5\public/../application/index\view\user\person.html [ array (
  0 => 'data3',
  1 => 'data2',
  2 => 'data4',
  3 => 'wzxx',
  4 => 'data',
  5 => 'data1',
  6 => 'jl',
  7 => 'info',
) ]
[ info ] [ LOG ] INIT File
[ sql ] [ DB ] CONNECT:[ UseTime:0.014729s ] mysql:host=10.0.113.141;dbname=bw;charset=utf8
[ sql ] [ SQL ] SHOW COLUMNS FROM `bw_category` [ RunTime:0.004033s ]
[ sql ] [ SQL ] SELECT COUNT(*) AS tp_count FROM `bw_category` WHERE  `pid` = 0  AND `isdel` = '0' LIMIT 1 [ RunTime:0.003198s ]
[ sql ] [ SQL ] SELECT * FROM `bw_category` WHERE  `pid` = 0  AND `isdel` = '0' ORDER BY `ordeby`  desc LIMIT 5 [ RunTime:0.003661s ]
[ sql ] [ SQL ] SELECT * FROM `bw_category` WHERE  `pid` = 0  AND `isdel` = '0' ORDER BY `ordeby`  desc LIMIT 5,6 [ RunTime:0.003338s ]
[ sql ] [ SQL ] SHOW COLUMNS FROM `bw_link` [ RunTime:0.002997s ]
[ sql ] [ SQL ] SELECT * FROM `bw_link` ORDER BY `order`  asc [ RunTime:0.002678s ]
[ sql ] [ SQL ] SHOW COLUMNS FROM `bw_website` [ RunTime:0.002924s ]
[ sql ] [ SQL ] SELECT * FROM `bw_website` [ RunTime:0.002878s ]
[ sql ] [ SQL ] SELECT * FROM `bw_category` WHERE  `isdel` = '0' [ RunTime:0.004270s ]
[ sql ] [ SQL ] SHOW COLUMNS FROM `bw_user` [ RunTime:0.004872s ]
[ sql ] [ SQL ] SELECT * FROM `bw_user` WHERE  `id` = 14 LIMIT 1 [ RunTime:0.004391s ]
[ sql ] [ SQL ] SHOW COLUMNS FROM `bw_fwjl` [ RunTime:0.002847s ]
[ sql ] [ SQL ] SELECT * FROM `bw_fwjl` WHERE  `uid` = 14 ORDER BY `retime`  desc LIMIT 5 [ RunTime:0.003825s ]
[ sql ] [ SQL ] SELECT * FROM `bw_user` WHERE  `id` = 14 [ RunTime:0.003743s ]
---------------------------------------------------------------
[ 2018-02-06T22:39:01+08:00 ] 0.0.0.0 GET /static/index/css/bootstrap.css.map
[ info ] www.chenjiangtp5.com/static/index/css/bootstrap.css.map [运行时间：0.098595s][吞吐率：10.14req/s] [内存消耗：2,485.96kb] [文件加载：40]
[ info ] [ LANG ] D:\PHP\php\bwsmtp5\thinkphp\lang\zh-cn.php
[ info ] [ ROUTE ] array (
  'type' => 'module',
  'module' => 
  array (
    0 => 'static',
    1 => 'index',
    2 => 'css',
  ),
)
[ info ] [ HEADER ] array (
  'host' => 'www.chenjiangtp5.com',
  'connection' => 'keep-alive',
  'user-agent' => 'Mozilla/5.0 (Windows NT 6.3; Win64; x64) AppleWebKit/537.36 (KHTML, like Gecko) Chrome/61.0.3163.100 Safari/537.36',
  'accept-encoding' => 'gzip, deflate',
  'accept-language' => 'zh-CN,zh;q=0.8',
  'cookie' => 'PHPSESSID=tag97e7ru9ars0gmnl85l1cgf3; Hm_lvt_b393d153aeb26b46e9431fabaf0f6190=1517886551; Hm_lpvt_b393d153aeb26b46e9431fabaf0f6190=1517886797; hzy_login_back=http://www.chenjiangtp5.com/',
)
[ info ] [ PARAM ] array (
)
[ info ] [ LOG ] INIT File
---------------------------------------------------------------
[ 2018-02-06T22:39:09+08:00 ] 0.0.0.0 GET /index/user/person
[ info ] www.chenjiangtp5.com/index/user/person [运行时间：0.180658s][吞吐率：5.54req/s] [内存消耗：5,470.86kb] [文件加载：58]
[ info ] [ LANG ] D:\PHP\php\bwsmtp5\thinkphp\lang\zh-cn.php
[ info ] [ ROUTE ] array (
  'type' => 'module',
  'module' => 
  array (
    0 => 'index',
    1 => 'user',
    2 => 'person',
  ),
)
[ info ] [ HEADER ] array (
  'host' => 'www.chenjiangtp5.com',
  'connection' => 'keep-alive',
  'cache-control' => 'max-age=0',
  'upgrade-insecure-requests' => '1',
  'user-agent' => 'Mozilla/5.0 (Windows NT 6.3; Win64; x64) AppleWebKit/537.36 (KHTML, like Gecko) Chrome/61.0.3163.100 Safari/537.36',
  'accept' => 'text/html,application/xhtml+xml,application/xml;q=0.9,image/webp,image/apng,*/*;q=0.8',
  'referer' => 'http://www.chenjiangtp5.com/',
  'accept-encoding' => 'gzip, deflate',
  'accept-language' => 'zh-CN,zh;q=0.8',
  'cookie' => 'PHPSESSID=tag97e7ru9ars0gmnl85l1cgf3; Hm_lvt_b393d153aeb26b46e9431fabaf0f6190=1517886551; Hm_lpvt_b393d153aeb26b46e9431fabaf0f6190=1517886797; hzy_login_back=http://www.chenjiangtp5.com/',
)
[ info ] [ PARAM ] array (
)
[ info ] [ RUN ] app\index\controller\User->person[ D:\PHP\php\bwsmtp5\application\index\controller\User.php ]
[ info ] [ DB ] INIT mysql
[ info ] [ SESSION ] INIT array (
  'id' => '',
  'var_session_id' => '',
  'prefix' => 'think',
  'type' => '',
  'auto_start' => true,
)
[ info ] [ VIEW ] D:\PHP\php\bwsmtp5\public/../application/index\view\user\person.html [ array (
  0 => 'data3',
  1 => 'data2',
  2 => 'data4',
  3 => 'wzxx',
  4 => 'data',
  5 => 'data1',
  6 => 'jl',
  7 => 'info',
) ]
[ info ] [ LOG ] INIT File
[ sql ] [ DB ] CONNECT:[ UseTime:0.006152s ] mysql:host=10.0.113.141;dbname=bw;charset=utf8
[ sql ] [ SQL ] SHOW COLUMNS FROM `bw_category` [ RunTime:0.003235s ]
[ sql ] [ SQL ] SELECT COUNT(*) AS tp_count FROM `bw_category` WHERE  `pid` = 0  AND `isdel` = '0' LIMIT 1 [ RunTime:0.003066s ]
[ sql ] [ SQL ] SELECT * FROM `bw_category` WHERE  `pid` = 0  AND `isdel` = '0' ORDER BY `ordeby`  desc LIMIT 5 [ RunTime:0.003201s ]
[ sql ] [ SQL ] SELECT * FROM `bw_category` WHERE  `pid` = 0  AND `isdel` = '0' ORDER BY `ordeby`  desc LIMIT 5,6 [ RunTime:0.002865s ]
[ sql ] [ SQL ] SHOW COLUMNS FROM `bw_link` [ RunTime:0.006451s ]
[ sql ] [ SQL ] SELECT * FROM `bw_link` ORDER BY `order`  asc [ RunTime:0.002237s ]
[ sql ] [ SQL ] SHOW COLUMNS FROM `bw_website` [ RunTime:0.003147s ]
[ sql ] [ SQL ] SELECT * FROM `bw_website` [ RunTime:0.001868s ]
[ sql ] [ SQL ] SELECT * FROM `bw_category` WHERE  `isdel` = '0' [ RunTime:0.004145s ]
[ sql ] [ SQL ] SHOW COLUMNS FROM `bw_user` [ RunTime:0.003232s ]
[ sql ] [ SQL ] SELECT * FROM `bw_user` WHERE  `id` = 14 LIMIT 1 [ RunTime:0.003801s ]
[ sql ] [ SQL ] SHOW COLUMNS FROM `bw_fwjl` [ RunTime:0.003433s ]
[ sql ] [ SQL ] SELECT * FROM `bw_fwjl` WHERE  `uid` = 14 ORDER BY `retime`  desc LIMIT 5 [ RunTime:0.002127s ]
[ sql ] [ SQL ] SELECT * FROM `bw_user` WHERE  `id` = 14 [ RunTime:0.003113s ]
---------------------------------------------------------------
[ 2018-02-06T22:39:09+08:00 ] 0.0.0.0 GET /static/index/css/bootstrap.css.map
[ info ] www.chenjiangtp5.com/static/index/css/bootstrap.css.map [运行时间：0.089952s][吞吐率：11.12req/s] [内存消耗：2,485.96kb] [文件加载：40]
[ info ] [ LANG ] D:\PHP\php\bwsmtp5\thinkphp\lang\zh-cn.php
[ info ] [ ROUTE ] array (
  'type' => 'module',
  'module' => 
  array (
    0 => 'static',
    1 => 'index',
    2 => 'css',
  ),
)
[ info ] [ HEADER ] array (
  'host' => 'www.chenjiangtp5.com',
  'connection' => 'keep-alive',
  'user-agent' => 'Mozilla/5.0 (Windows NT 6.3; Win64; x64) AppleWebKit/537.36 (KHTML, like Gecko) Chrome/61.0.3163.100 Safari/537.36',
  'accept-encoding' => 'gzip, deflate',
  'accept-language' => 'zh-CN,zh;q=0.8',
  'cookie' => 'PHPSESSID=tag97e7ru9ars0gmnl85l1cgf3; Hm_lvt_b393d153aeb26b46e9431fabaf0f6190=1517886551; Hm_lpvt_b393d153aeb26b46e9431fabaf0f6190=1517886797; hzy_login_back=http://www.chenjiangtp5.com/',
)
[ info ] [ PARAM ] array (
)
[ info ] [ LOG ] INIT File
---------------------------------------------------------------
[ 2018-02-06T22:39:35+08:00 ] 0.0.0.0 GET /index/user/person
[ info ] www.chenjiangtp5.com/index/user/person [运行时间：0.147019s][吞吐率：6.80req/s] [内存消耗：5,470.87kb] [文件加载：58]
[ info ] [ LANG ] D:\PHP\php\bwsmtp5\thinkphp\lang\zh-cn.php
[ info ] [ ROUTE ] array (
  'type' => 'module',
  'module' => 
  array (
    0 => 'index',
    1 => 'user',
    2 => 'person',
  ),
)
[ info ] [ HEADER ] array (
  'host' => 'www.chenjiangtp5.com',
  'connection' => 'keep-alive',
  'cache-control' => 'max-age=0',
  'upgrade-insecure-requests' => '1',
  'user-agent' => 'Mozilla/5.0 (Windows NT 6.3; Win64; x64) AppleWebKit/537.36 (KHTML, like Gecko) Chrome/61.0.3163.100 Safari/537.36',
  'accept' => 'text/html,application/xhtml+xml,application/xml;q=0.9,image/webp,image/apng,*/*;q=0.8',
  'referer' => 'http://www.chenjiangtp5.com/',
  'accept-encoding' => 'gzip, deflate',
  'accept-language' => 'zh-CN,zh;q=0.8',
  'cookie' => 'PHPSESSID=tag97e7ru9ars0gmnl85l1cgf3; Hm_lvt_b393d153aeb26b46e9431fabaf0f6190=1517886551; Hm_lpvt_b393d153aeb26b46e9431fabaf0f6190=1517886797; hzy_login_back=http://www.chenjiangtp5.com/',
)
[ info ] [ PARAM ] array (
)
[ info ] [ RUN ] app\index\controller\User->person[ D:\PHP\php\bwsmtp5\application\index\controller\User.php ]
[ info ] [ DB ] INIT mysql
[ info ] [ SESSION ] INIT array (
  'id' => '',
  'var_session_id' => '',
  'prefix' => 'think',
  'type' => '',
  'auto_start' => true,
)
[ info ] [ VIEW ] D:\PHP\php\bwsmtp5\public/../application/index\view\user\person.html [ array (
  0 => 'data3',
  1 => 'data2',
  2 => 'data4',
  3 => 'wzxx',
  4 => 'data',
  5 => 'data1',
  6 => 'jl',
  7 => 'info',
) ]
[ info ] [ LOG ] INIT File
[ sql ] [ DB ] CONNECT:[ UseTime:0.006043s ] mysql:host=10.0.113.141;dbname=bw;charset=utf8
[ sql ] [ SQL ] SHOW COLUMNS FROM `bw_category` [ RunTime:0.004591s ]
[ sql ] [ SQL ] SELECT COUNT(*) AS tp_count FROM `bw_category` WHERE  `pid` = 0  AND `isdel` = '0' LIMIT 1 [ RunTime:0.002187s ]
[ sql ] [ SQL ] SELECT * FROM `bw_category` WHERE  `pid` = 0  AND `isdel` = '0' ORDER BY `ordeby`  desc LIMIT 5 [ RunTime:0.002605s ]
[ sql ] [ SQL ] SELECT * FROM `bw_category` WHERE  `pid` = 0  AND `isdel` = '0' ORDER BY `ordeby`  desc LIMIT 5,6 [ RunTime:0.004478s ]
[ sql ] [ SQL ] SHOW COLUMNS FROM `bw_link` [ RunTime:0.002948s ]
[ sql ] [ SQL ] SELECT * FROM `bw_link` ORDER BY `order`  asc [ RunTime:0.003132s ]
[ sql ] [ SQL ] SHOW COLUMNS FROM `bw_website` [ RunTime:0.002716s ]
[ sql ] [ SQL ] SELECT * FROM `bw_website` [ RunTime:0.005027s ]
[ sql ] [ SQL ] SELECT * FROM `bw_category` WHERE  `isdel` = '0' [ RunTime:0.003472s ]
[ sql ] [ SQL ] SHOW COLUMNS FROM `bw_user` [ RunTime:0.003529s ]
[ sql ] [ SQL ] SELECT * FROM `bw_user` WHERE  `id` = 14 LIMIT 1 [ RunTime:0.005476s ]
[ sql ] [ SQL ] SHOW COLUMNS FROM `bw_fwjl` [ RunTime:0.003281s ]
[ sql ] [ SQL ] SELECT * FROM `bw_fwjl` WHERE  `uid` = 14 ORDER BY `retime`  desc LIMIT 5 [ RunTime:0.003242s ]
[ sql ] [ SQL ] SELECT * FROM `bw_user` WHERE  `id` = 14 [ RunTime:0.003052s ]
---------------------------------------------------------------
[ 2018-02-06T22:39:35+08:00 ] 0.0.0.0 GET /static/index/css/bootstrap.css.map
[ info ] www.chenjiangtp5.com/static/index/css/bootstrap.css.map [运行时间：0.092370s][吞吐率：10.83req/s] [内存消耗：2,485.96kb] [文件加载：40]
[ info ] [ LANG ] D:\PHP\php\bwsmtp5\thinkphp\lang\zh-cn.php
[ info ] [ ROUTE ] array (
  'type' => 'module',
  'module' => 
  array (
    0 => 'static',
    1 => 'index',
    2 => 'css',
  ),
)
[ info ] [ HEADER ] array (
  'host' => 'www.chenjiangtp5.com',
  'connection' => 'keep-alive',
  'user-agent' => 'Mozilla/5.0 (Windows NT 6.3; Win64; x64) AppleWebKit/537.36 (KHTML, like Gecko) Chrome/61.0.3163.100 Safari/537.36',
  'accept-encoding' => 'gzip, deflate',
  'accept-language' => 'zh-CN,zh;q=0.8',
  'cookie' => 'PHPSESSID=tag97e7ru9ars0gmnl85l1cgf3; Hm_lvt_b393d153aeb26b46e9431fabaf0f6190=1517886551; Hm_lpvt_b393d153aeb26b46e9431fabaf0f6190=1517886797; hzy_login_back=http://www.chenjiangtp5.com/',
)
[ info ] [ PARAM ] array (
)
[ info ] [ LOG ] INIT File
---------------------------------------------------------------
[ 2018-02-06T22:40:17+08:00 ] 0.0.0.0 GET /index/user/person
[ info ] www.chenjiangtp5.com/index/user/person [运行时间：0.146463s][吞吐率：6.83req/s] [内存消耗：5,470.89kb] [文件加载：58]
[ info ] [ LANG ] D:\PHP\php\bwsmtp5\thinkphp\lang\zh-cn.php
[ info ] [ ROUTE ] array (
  'type' => 'module',
  'module' => 
  array (
    0 => 'index',
    1 => 'user',
    2 => 'person',
  ),
)
[ info ] [ HEADER ] array (
  'host' => 'www.chenjiangtp5.com',
  'connection' => 'keep-alive',
  'cache-control' => 'max-age=0',
  'upgrade-insecure-requests' => '1',
  'user-agent' => 'Mozilla/5.0 (Windows NT 6.3; Win64; x64) AppleWebKit/537.36 (KHTML, like Gecko) Chrome/61.0.3163.100 Safari/537.36',
  'accept' => 'text/html,application/xhtml+xml,application/xml;q=0.9,image/webp,image/apng,*/*;q=0.8',
  'referer' => 'http://www.chenjiangtp5.com/',
  'accept-encoding' => 'gzip, deflate',
  'accept-language' => 'zh-CN,zh;q=0.8',
  'cookie' => 'PHPSESSID=tag97e7ru9ars0gmnl85l1cgf3; Hm_lvt_b393d153aeb26b46e9431fabaf0f6190=1517886551; Hm_lpvt_b393d153aeb26b46e9431fabaf0f6190=1517886797; hzy_login_back=http://www.chenjiangtp5.com/',
)
[ info ] [ PARAM ] array (
)
[ info ] [ RUN ] app\index\controller\User->person[ D:\PHP\php\bwsmtp5\application\index\controller\User.php ]
[ info ] [ DB ] INIT mysql
[ info ] [ SESSION ] INIT array (
  'id' => '',
  'var_session_id' => '',
  'prefix' => 'think',
  'type' => '',
  'auto_start' => true,
)
[ info ] [ VIEW ] D:\PHP\php\bwsmtp5\public/../application/index\view\user\person.html [ array (
  0 => 'data3',
  1 => 'data2',
  2 => 'data4',
  3 => 'wzxx',
  4 => 'data',
  5 => 'data1',
  6 => 'jl',
  7 => 'info',
) ]
[ info ] [ LOG ] INIT File
[ sql ] [ DB ] CONNECT:[ UseTime:0.004333s ] mysql:host=10.0.113.141;dbname=bw;charset=utf8
[ sql ] [ SQL ] SHOW COLUMNS FROM `bw_category` [ RunTime:0.002651s ]
[ sql ] [ SQL ] SELECT COUNT(*) AS tp_count FROM `bw_category` WHERE  `pid` = 0  AND `isdel` = '0' LIMIT 1 [ RunTime:0.002391s ]
[ sql ] [ SQL ] SELECT * FROM `bw_category` WHERE  `pid` = 0  AND `isdel` = '0' ORDER BY `ordeby`  desc LIMIT 5 [ RunTime:0.002394s ]
[ sql ] [ SQL ] SELECT * FROM `bw_category` WHERE  `pid` = 0  AND `isdel` = '0' ORDER BY `ordeby`  desc LIMIT 5,6 [ RunTime:0.002321s ]
[ sql ] [ SQL ] SHOW COLUMNS FROM `bw_link` [ RunTime:0.003306s ]
[ sql ] [ SQL ] SELECT * FROM `bw_link` ORDER BY `order`  asc [ RunTime:0.002798s ]
[ sql ] [ SQL ] SHOW COLUMNS FROM `bw_website` [ RunTime:0.002685s ]
[ sql ] [ SQL ] SELECT * FROM `bw_website` [ RunTime:0.004097s ]
[ sql ] [ SQL ] SELECT * FROM `bw_category` WHERE  `isdel` = '0' [ RunTime:0.004579s ]
[ sql ] [ SQL ] SHOW COLUMNS FROM `bw_user` [ RunTime:0.002498s ]
[ sql ] [ SQL ] SELECT * FROM `bw_user` WHERE  `id` = 14 LIMIT 1 [ RunTime:0.004040s ]
[ sql ] [ SQL ] SHOW COLUMNS FROM `bw_fwjl` [ RunTime:0.004279s ]
[ sql ] [ SQL ] SELECT * FROM `bw_fwjl` WHERE  `uid` = 14 ORDER BY `retime`  desc LIMIT 5 [ RunTime:0.004373s ]
[ sql ] [ SQL ] SELECT * FROM `bw_user` WHERE  `id` = 14 [ RunTime:0.002751s ]
---------------------------------------------------------------
[ 2018-02-06T22:40:18+08:00 ] 0.0.0.0 GET /static/index/css/bootstrap.css.map
[ info ] www.chenjiangtp5.com/static/index/css/bootstrap.css.map [运行时间：0.131723s][吞吐率：7.59req/s] [内存消耗：2,485.96kb] [文件加载：40]
[ info ] [ LANG ] D:\PHP\php\bwsmtp5\thinkphp\lang\zh-cn.php
[ info ] [ ROUTE ] array (
  'type' => 'module',
  'module' => 
  array (
    0 => 'static',
    1 => 'index',
    2 => 'css',
  ),
)
[ info ] [ HEADER ] array (
  'host' => 'www.chenjiangtp5.com',
  'connection' => 'keep-alive',
  'user-agent' => 'Mozilla/5.0 (Windows NT 6.3; Win64; x64) AppleWebKit/537.36 (KHTML, like Gecko) Chrome/61.0.3163.100 Safari/537.36',
  'accept-encoding' => 'gzip, deflate',
  'accept-language' => 'zh-CN,zh;q=0.8',
  'cookie' => 'PHPSESSID=tag97e7ru9ars0gmnl85l1cgf3; Hm_lvt_b393d153aeb26b46e9431fabaf0f6190=1517886551; Hm_lpvt_b393d153aeb26b46e9431fabaf0f6190=1517886797; hzy_login_back=http://www.chenjiangtp5.com/',
)
[ info ] [ PARAM ] array (
)
[ info ] [ LOG ] INIT File
---------------------------------------------------------------
[ 2018-02-06T22:40:23+08:00 ] 0.0.0.0 GET /index/user/person
[ info ] www.chenjiangtp5.com/index/user/person [运行时间：0.159687s][吞吐率：6.26req/s] [内存消耗：5,470.91kb] [文件加载：58]
[ info ] [ LANG ] D:\PHP\php\bwsmtp5\thinkphp\lang\zh-cn.php
[ info ] [ ROUTE ] array (
  'type' => 'module',
  'module' => 
  array (
    0 => 'index',
    1 => 'user',
    2 => 'person',
  ),
)
[ info ] [ HEADER ] array (
  'host' => 'www.chenjiangtp5.com',
  'connection' => 'keep-alive',
  'cache-control' => 'max-age=0',
  'upgrade-insecure-requests' => '1',
  'user-agent' => 'Mozilla/5.0 (Windows NT 6.3; Win64; x64) AppleWebKit/537.36 (KHTML, like Gecko) Chrome/61.0.3163.100 Safari/537.36',
  'accept' => 'text/html,application/xhtml+xml,application/xml;q=0.9,image/webp,image/apng,*/*;q=0.8',
  'referer' => 'http://www.chenjiangtp5.com/',
  'accept-encoding' => 'gzip, deflate',
  'accept-language' => 'zh-CN,zh;q=0.8',
  'cookie' => 'PHPSESSID=tag97e7ru9ars0gmnl85l1cgf3; Hm_lvt_b393d153aeb26b46e9431fabaf0f6190=1517886551; Hm_lpvt_b393d153aeb26b46e9431fabaf0f6190=1517886797; hzy_login_back=http://www.chenjiangtp5.com/',
)
[ info ] [ PARAM ] array (
)
[ info ] [ RUN ] app\index\controller\User->person[ D:\PHP\php\bwsmtp5\application\index\controller\User.php ]
[ info ] [ DB ] INIT mysql
[ info ] [ SESSION ] INIT array (
  'id' => '',
  'var_session_id' => '',
  'prefix' => 'think',
  'type' => '',
  'auto_start' => true,
)
[ info ] [ VIEW ] D:\PHP\php\bwsmtp5\public/../application/index\view\user\person.html [ array (
  0 => 'data3',
  1 => 'data2',
  2 => 'data4',
  3 => 'wzxx',
  4 => 'data',
  5 => 'data1',
  6 => 'jl',
  7 => 'info',
) ]
[ info ] [ LOG ] INIT File
[ sql ] [ DB ] CONNECT:[ UseTime:0.008285s ] mysql:host=10.0.113.141;dbname=bw;charset=utf8
[ sql ] [ SQL ] SHOW COLUMNS FROM `bw_category` [ RunTime:0.002669s ]
[ sql ] [ SQL ] SELECT COUNT(*) AS tp_count FROM `bw_category` WHERE  `pid` = 0  AND `isdel` = '0' LIMIT 1 [ RunTime:0.002088s ]
[ sql ] [ SQL ] SELECT * FROM `bw_category` WHERE  `pid` = 0  AND `isdel` = '0' ORDER BY `ordeby`  desc LIMIT 5 [ RunTime:0.003147s ]
[ sql ] [ SQL ] SELECT * FROM `bw_category` WHERE  `pid` = 0  AND `isdel` = '0' ORDER BY `ordeby`  desc LIMIT 5,6 [ RunTime:0.004079s ]
[ sql ] [ SQL ] SHOW COLUMNS FROM `bw_link` [ RunTime:0.003958s ]
[ sql ] [ SQL ] SELECT * FROM `bw_link` ORDER BY `order`  asc [ RunTime:0.002699s ]
[ sql ] [ SQL ] SHOW COLUMNS FROM `bw_website` [ RunTime:0.001883s ]
[ sql ] [ SQL ] SELECT * FROM `bw_website` [ RunTime:0.002584s ]
[ sql ] [ SQL ] SELECT * FROM `bw_category` WHERE  `isdel` = '0' [ RunTime:0.003413s ]
[ sql ] [ SQL ] SHOW COLUMNS FROM `bw_user` [ RunTime:0.004715s ]
[ sql ] [ SQL ] SELECT * FROM `bw_user` WHERE  `id` = 14 LIMIT 1 [ RunTime:0.003081s ]
[ sql ] [ SQL ] SHOW COLUMNS FROM `bw_fwjl` [ RunTime:0.003253s ]
[ sql ] [ SQL ] SELECT * FROM `bw_fwjl` WHERE  `uid` = 14 ORDER BY `retime`  desc LIMIT 5 [ RunTime:0.004505s ]
[ sql ] [ SQL ] SELECT * FROM `bw_user` WHERE  `id` = 14 [ RunTime:0.003512s ]
---------------------------------------------------------------
[ 2018-02-06T22:40:23+08:00 ] 0.0.0.0 GET /static/index/css/bootstrap.css.map
[ info ] www.chenjiangtp5.com/static/index/css/bootstrap.css.map [运行时间：0.107860s][吞吐率：9.27req/s] [内存消耗：2,485.96kb] [文件加载：40]
[ info ] [ LANG ] D:\PHP\php\bwsmtp5\thinkphp\lang\zh-cn.php
[ info ] [ ROUTE ] array (
  'type' => 'module',
  'module' => 
  array (
    0 => 'static',
    1 => 'index',
    2 => 'css',
  ),
)
[ info ] [ HEADER ] array (
  'host' => 'www.chenjiangtp5.com',
  'connection' => 'keep-alive',
  'user-agent' => 'Mozilla/5.0 (Windows NT 6.3; Win64; x64) AppleWebKit/537.36 (KHTML, like Gecko) Chrome/61.0.3163.100 Safari/537.36',
  'accept-encoding' => 'gzip, deflate',
  'accept-language' => 'zh-CN,zh;q=0.8',
  'cookie' => 'PHPSESSID=tag97e7ru9ars0gmnl85l1cgf3; Hm_lvt_b393d153aeb26b46e9431fabaf0f6190=1517886551; Hm_lpvt_b393d153aeb26b46e9431fabaf0f6190=1517886797; hzy_login_back=http://www.chenjiangtp5.com/',
)
[ info ] [ PARAM ] array (
)
[ info ] [ LOG ] INIT File
