---------------------------------------------------------------
[ 2018-02-26T19:52:18+08:00 ] 111.206.170.62 POST /index/user/isPD
[ info ] tp.chenjiangjiang.cn/index/user/isPD [运行时间：0.020368s][吞吐率：49.10req/s] [内存消耗：2,558.50kb] [文件加载：53]
[ info ] [ LANG ] /home/wwwroot/tp.chenjiangjiang.cn/thinkphp/lang/zh-cn.php
[ info ] [ ROUTE ] array (
  'type' => 'module',
  'module' => 
  array (
    0 => 'index',
    1 => 'user',
    2 => 'isPD',
  ),
)
[ info ] [ HEADER ] array (
  'cookie' => 'PHPSESSID=0c3fquspb817p55merim2msv94; Hm_lvt_b393d153aeb26b46e9431fabaf0f6190=1519627690; Hm_lpvt_b393d153aeb26b46e9431fabaf0f6190=1519627727; jiathis_rdc=%7B%22http%3A//tp.chenjiangjiang.cn/index/video/single/vid/7%22%3A-800851817%2C%22http%3A//tp.chenjiangjiang.cn/index/video/single/vid/9%22%3A-800798278%2C%22http%3A//tp.chenjiangjiang.cn/index/video/single/vid/35%22%3A-792614536%2C%22http%3A//tp.chenjiangjiang.cn/index/video/single/vid/36%22%3A-792443573%2C%22http%3A//tp.chenjiangjiang.cn/index/video/single/vid/31%22%3A-792298002%2C%22http%3A//tp.chenjiangjiang.cn/index/video/single/vid/32%22%3A-791970931%2C%22http%3A//tp.chenjiangjiang.cn/index/video/single/vid/14%22%3A-779110114%2C%22http%3A//tp.chenjiangjiang.cn/index/video/single/vid/13%22%3A-779081592%2C%22http%3A//tp.chenjiangjiang.cn/index/video/single/vid/20%22%3A-779047949%2C%22http%3A//tp.chenjiangjiang.cn/index/video/single/vid/26%22%3A-775669485%2C%22http%3A//tp.chenjiangjiang.cn/index/video/single/vid/34%22%3A-775612185%2C%22http%3A//tp.chenjiangjiang.cn/index/video/single/vid/6%22%3A0%7C1519643749638%2C%22http%3A//tp.chenjiangjiang.cn/index/video/single/vid/28%22%3A%220%7C1519643785652%22%7D; hzy_login_back=http://tp.chenjiangjiang.cn/index/index/index.html',
  'accept-language' => 'zh-CN,zh;q=0.9',
  'accept-encoding' => 'gzip, deflate',
  'referer' => 'http://tp.chenjiangjiang.cn/index/user/person',
  'content-type' => 'application/x-www-form-urlencoded; charset=UTF-8',
  'user-agent' => 'Mozilla/5.0 (Windows NT 6.3; Win64; x64) AppleWebKit/537.36 (KHTML, like Gecko) Chrome/63.0.3239.132 Safari/537.36',
  'x-requested-with' => 'XMLHttpRequest',
  'origin' => 'http://tp.chenjiangjiang.cn',
  'accept' => '*/*',
  'content-length' => '17',
  'connection' => 'keep-alive',
  'host' => 'tp.chenjiangjiang.cn',
)
[ info ] [ PARAM ] array (
  'phone' => '17807728196',
)
[ info ] [ RUN ] app\index\controller\User->isPD[ /home/wwwroot/tp.chenjiangjiang.cn/application/index/controller/User.php ]
[ info ] [ DB ] INIT mysql
[ info ] [ LOG ] INIT File
[ sql ] [ DB ] CONNECT:[ UseTime:0.000245s ] mysql:host=localhost;dbname=bw;charset=utf8
[ sql ] [ SQL ] SHOW COLUMNS FROM `bw_user` [ RunTime:0.000654s ]
[ sql ] [ SQL ] SELECT * FROM `bw_user` WHERE  `phone` = '17807728196' LIMIT 1 [ RunTime:0.000185s ]
---------------------------------------------------------------
[ 2018-02-26T19:52:18+08:00 ] 111.206.170.62 POST /index/user/isPD
[ info ] tp.chenjiangjiang.cn/index/user/isPD [运行时间：0.020551s][吞吐率：48.66req/s] [内存消耗：2,558.20kb] [文件加载：53]
[ info ] [ LANG ] /home/wwwroot/tp.chenjiangjiang.cn/thinkphp/lang/zh-cn.php
[ info ] [ ROUTE ] array (
  'type' => 'module',
  'module' => 
  array (
    0 => 'index',
    1 => 'user',
    2 => 'isPD',
  ),
)
[ info ] [ HEADER ] array (
  'cookie' => 'PHPSESSID=0c3fquspb817p55merim2msv94; Hm_lvt_b393d153aeb26b46e9431fabaf0f6190=1519627690; Hm_lpvt_b393d153aeb26b46e9431fabaf0f6190=1519627727; jiathis_rdc=%7B%22http%3A//tp.chenjiangjiang.cn/index/video/single/vid/7%22%3A-800851817%2C%22http%3A//tp.chenjiangjiang.cn/index/video/single/vid/9%22%3A-800798278%2C%22http%3A//tp.chenjiangjiang.cn/index/video/single/vid/35%22%3A-792614536%2C%22http%3A//tp.chenjiangjiang.cn/index/video/single/vid/36%22%3A-792443573%2C%22http%3A//tp.chenjiangjiang.cn/index/video/single/vid/31%22%3A-792298002%2C%22http%3A//tp.chenjiangjiang.cn/index/video/single/vid/32%22%3A-791970931%2C%22http%3A//tp.chenjiangjiang.cn/index/video/single/vid/14%22%3A-779110114%2C%22http%3A//tp.chenjiangjiang.cn/index/video/single/vid/13%22%3A-779081592%2C%22http%3A//tp.chenjiangjiang.cn/index/video/single/vid/20%22%3A-779047949%2C%22http%3A//tp.chenjiangjiang.cn/index/video/single/vid/26%22%3A-775669485%2C%22http%3A//tp.chenjiangjiang.cn/index/video/single/vid/34%22%3A-775612185%2C%22http%3A//tp.chenjiangjiang.cn/index/video/single/vid/6%22%3A0%7C1519643749638%2C%22http%3A//tp.chenjiangjiang.cn/index/video/single/vid/28%22%3A%220%7C1519643785652%22%7D; hzy_login_back=http://tp.chenjiangjiang.cn/index/index/index.html',
  'accept-language' => 'zh-CN,zh;q=0.9',
  'accept-encoding' => 'gzip, deflate',
  'referer' => 'http://tp.chenjiangjiang.cn/index/user/person',
  'content-type' => 'application/x-www-form-urlencoded; charset=UTF-8',
  'user-agent' => 'Mozilla/5.0 (Windows NT 6.3; Win64; x64) AppleWebKit/537.36 (KHTML, like Gecko) Chrome/63.0.3239.132 Safari/537.36',
  'x-requested-with' => 'XMLHttpRequest',
  'origin' => 'http://tp.chenjiangjiang.cn',
  'accept' => '*/*',
  'content-length' => '17',
  'connection' => 'keep-alive',
  'host' => 'tp.chenjiangjiang.cn',
)
[ info ] [ PARAM ] array (
  'phone' => '17807728196',
)
[ info ] [ RUN ] app\index\controller\User->isPD[ /home/wwwroot/tp.chenjiangjiang.cn/application/index/controller/User.php ]
[ info ] [ DB ] INIT mysql
[ info ] [ LOG ] INIT File
[ sql ] [ DB ] CONNECT:[ UseTime:0.000220s ] mysql:host=localhost;dbname=bw;charset=utf8
[ sql ] [ SQL ] SHOW COLUMNS FROM `bw_user` [ RunTime:0.000680s ]
[ sql ] [ SQL ] SELECT * FROM `bw_user` WHERE  `phone` = '17807728196' LIMIT 1 [ RunTime:0.000191s ]
---------------------------------------------------------------
[ 2018-02-26T19:52:18+08:00 ] 111.206.170.62 GET /index/index/index.html
[ info ] tp.chenjiangjiang.cn/index/index/index.html [运行时间：0.025107s][吞吐率：39.83req/s] [内存消耗：2,604.69kb] [文件加载：54]
[ info ] [ LANG ] /home/wwwroot/tp.chenjiangjiang.cn/thinkphp/lang/zh-cn.php
[ info ] [ ROUTE ] array (
  'type' => 'module',
  'module' => 
  array (
    0 => 'index',
    1 => 'index',
    2 => 'index',
  ),
)
[ info ] [ HEADER ] array (
  'cookie' => 'PHPSESSID=0c3fquspb817p55merim2msv94; Hm_lvt_b393d153aeb26b46e9431fabaf0f6190=1519627690; Hm_lpvt_b393d153aeb26b46e9431fabaf0f6190=1519627727; jiathis_rdc=%7B%22http%3A//tp.chenjiangjiang.cn/index/video/single/vid/7%22%3A-800851817%2C%22http%3A//tp.chenjiangjiang.cn/index/video/single/vid/9%22%3A-800798278%2C%22http%3A//tp.chenjiangjiang.cn/index/video/single/vid/35%22%3A-792614536%2C%22http%3A//tp.chenjiangjiang.cn/index/video/single/vid/36%22%3A-792443573%2C%22http%3A//tp.chenjiangjiang.cn/index/video/single/vid/31%22%3A-792298002%2C%22http%3A//tp.chenjiangjiang.cn/index/video/single/vid/32%22%3A-791970931%2C%22http%3A//tp.chenjiangjiang.cn/index/video/single/vid/14%22%3A-779110114%2C%22http%3A//tp.chenjiangjiang.cn/index/video/single/vid/13%22%3A-779081592%2C%22http%3A//tp.chenjiangjiang.cn/index/video/single/vid/20%22%3A-779047949%2C%22http%3A//tp.chenjiangjiang.cn/index/video/single/vid/26%22%3A-775669485%2C%22http%3A//tp.chenjiangjiang.cn/index/video/single/vid/34%22%3A-775612185%2C%22http%3A//tp.chenjiangjiang.cn/index/video/single/vid/6%22%3A0%7C1519643749638%2C%22http%3A//tp.chenjiangjiang.cn/index/video/single/vid/28%22%3A%220%7C1519643785652%22%7D; hzy_login_back=http://tp.chenjiangjiang.cn/index/index/index.html',
  'accept-language' => 'zh-CN,zh;q=0.9',
  'accept-encoding' => 'gzip, deflate',
  'referer' => 'http://tp.chenjiangjiang.cn/index/user/sanf?code=099435dc24d6db7c459627d4a30747f0',
  'accept' => 'text/html,application/xhtml+xml,application/xml;q=0.9,image/webp,image/apng,*/*;q=0.8',
  'upgrade-insecure-requests' => '1',
  'user-agent' => 'Mozilla/5.0 (Windows NT 6.3; Win64; x64) AppleWebKit/537.36 (KHTML, like Gecko) Chrome/63.0.3239.132 Safari/537.36',
  'connection' => 'keep-alive',
  'host' => 'tp.chenjiangjiang.cn',
  'content-type' => '',
  'content-length' => '',
)
[ info ] [ PARAM ] array (
)
[ info ] [ RUN ] app\index\controller\Index->index[ /home/wwwroot/tp.chenjiangjiang.cn/application/index/controller/Index.php ]
[ info ] [ DB ] INIT mysql
[ info ] [ VIEW ] /home/wwwroot/tp.chenjiangjiang.cn/public/../application/index/view/index/index.html [ array (
  0 => 'data1',
  1 => 'data2',
  2 => 'data3',
  3 => 'data',
  4 => 'wzxx',
  5 => 'banvideo',
  6 => 'lpl',
  7 => 'wz',
  8 => 'dnf',
  9 => 'qq',
) ]
[ info ] [ SESSION ] INIT array (
  'id' => '',
  'var_session_id' => '',
  'prefix' => 'think',
  'type' => '',
  'auto_start' => true,
)
[ info ] [ LOG ] INIT File
[ sql ] [ DB ] CONNECT:[ UseTime:0.000220s ] mysql:host=localhost;dbname=bw;charset=utf8
[ sql ] [ SQL ] SHOW COLUMNS FROM `bw_category` [ RunTime:0.000664s ]
[ sql ] [ SQL ] SELECT COUNT(*) AS tp_count FROM `bw_category` WHERE  `pid` = 0  AND `isdel` = '0' LIMIT 1 [ RunTime:0.000163s ]
[ sql ] [ SQL ] SELECT * FROM `bw_category` WHERE  `pid` = 0  AND `isdel` = '0' ORDER BY `ordeby`  desc LIMIT 5 [ RunTime:0.000133s ]
[ sql ] [ SQL ] SELECT * FROM `bw_category` WHERE  `pid` = 0  AND `isdel` = '0' ORDER BY `ordeby`  desc LIMIT 5,6 [ RunTime:0.000138s ]
[ sql ] [ SQL ] SHOW COLUMNS FROM `bw_banner` [ RunTime:0.000454s ]
[ sql ] [ SQL ] SELECT * FROM `bw_banner` WHERE  `isdel` = 0 ORDER BY `orderby`  desc [ RunTime:0.000127s ]
[ sql ] [ SQL ] SHOW COLUMNS FROM `bw_link` [ RunTime:0.000443s ]
[ sql ] [ SQL ] SELECT * FROM `bw_link` ORDER BY `order`  asc [ RunTime:0.000105s ]
[ sql ] [ SQL ] SHOW COLUMNS FROM `bw_website` [ RunTime:0.000417s ]
[ sql ] [ SQL ] SELECT * FROM `bw_website` [ RunTime:0.000141s ]
[ sql ] [ SQL ] SHOW COLUMNS FROM `bw_video` [ RunTime:0.000464s ]
[ sql ] [ SQL ] SELECT * FROM `bw_video` WHERE  `isdel` = '0'  AND `vplay` > 3 [ RunTime:0.000149s ]
[ sql ] [ SQL ] SELECT * FROM `bw_video` WHERE  `vname` LIKE '%lp%' [ RunTime:0.000148s ]
[ sql ] [ SQL ] SELECT * FROM `bw_video` WHERE  `vname` LIKE '%w_%' [ RunTime:0.000130s ]
[ sql ] [ SQL ] SELECT * FROM `bw_video` WHERE  `vname` LIKE '%dnf_%' [ RunTime:0.000114s ]
[ sql ] [ SQL ] SELECT * FROM `bw_video` WHERE  `vname` LIKE '%qq_%' [ RunTime:0.000114s ]
---------------------------------------------------------------
[ 2018-02-26T19:54:46+08:00 ] 111.206.170.62 GET /index/video/tv/cid/4
[ info ] tp.chenjiangjiang.cn/index/video/tv/cid/4 [运行时间：0.023714s][吞吐率：42.17req/s] [内存消耗：2,639.20kb] [文件加载：56]
[ info ] [ LANG ] /home/wwwroot/tp.chenjiangjiang.cn/thinkphp/lang/zh-cn.php
[ info ] [ ROUTE ] array (
  'type' => 'module',
  'module' => 
  array (
    0 => 'index',
    1 => 'video',
    2 => 'tv',
  ),
)
[ info ] [ HEADER ] array (
  'cookie' => 'PHPSESSID=0c3fquspb817p55merim2msv94; Hm_lvt_b393d153aeb26b46e9431fabaf0f6190=1519627690; Hm_lpvt_b393d153aeb26b46e9431fabaf0f6190=1519627727; jiathis_rdc=%7B%22http%3A//tp.chenjiangjiang.cn/index/video/single/vid/7%22%3A-800851817%2C%22http%3A//tp.chenjiangjiang.cn/index/video/single/vid/9%22%3A-800798278%2C%22http%3A//tp.chenjiangjiang.cn/index/video/single/vid/35%22%3A-792614536%2C%22http%3A//tp.chenjiangjiang.cn/index/video/single/vid/36%22%3A-792443573%2C%22http%3A//tp.chenjiangjiang.cn/index/video/single/vid/31%22%3A-792298002%2C%22http%3A//tp.chenjiangjiang.cn/index/video/single/vid/32%22%3A-791970931%2C%22http%3A//tp.chenjiangjiang.cn/index/video/single/vid/14%22%3A-779110114%2C%22http%3A//tp.chenjiangjiang.cn/index/video/single/vid/13%22%3A-779081592%2C%22http%3A//tp.chenjiangjiang.cn/index/video/single/vid/20%22%3A-779047949%2C%22http%3A//tp.chenjiangjiang.cn/index/video/single/vid/26%22%3A-775669485%2C%22http%3A//tp.chenjiangjiang.cn/index/video/single/vid/34%22%3A-775612185%2C%22http%3A//tp.chenjiangjiang.cn/index/video/single/vid/6%22%3A0%7C1519643749638%2C%22http%3A//tp.chenjiangjiang.cn/index/video/single/vid/28%22%3A%220%7C1519643785652%22%7D; hzy_login_back=http://tp.chenjiangjiang.cn/index/user/sanf?code=099435dc24d6db7c459627d4a30747f0',
  'accept-language' => 'zh-CN,zh;q=0.9',
  'accept-encoding' => 'gzip, deflate',
  'referer' => 'http://tp.chenjiangjiang.cn/index/index/index.html',
  'accept' => 'text/html,application/xhtml+xml,application/xml;q=0.9,image/webp,image/apng,*/*;q=0.8',
  'user-agent' => 'Mozilla/5.0 (Windows NT 6.3; Win64; x64) AppleWebKit/537.36 (KHTML, like Gecko) Chrome/63.0.3239.132 Safari/537.36',
  'upgrade-insecure-requests' => '1',
  'connection' => 'keep-alive',
  'host' => 'tp.chenjiangjiang.cn',
  'content-type' => '',
  'content-length' => '',
)
[ info ] [ PARAM ] array (
  'cid' => '4',
)
[ info ] [ RUN ] app\index\controller\Video->tv[ /home/wwwroot/tp.chenjiangjiang.cn/application/index/controller/Video.php ]
[ info ] [ DB ] INIT mysql
[ info ] [ VIEW ] /home/wwwroot/tp.chenjiangjiang.cn/public/../application/index/view/video/tv.html [ array (
  0 => 'data1',
  1 => 'data2',
  2 => 'data',
  3 => 'Video',
  4 => 'name',
) ]
[ info ] [ SESSION ] INIT array (
  'id' => '',
  'var_session_id' => '',
  'prefix' => 'think',
  'type' => '',
  'auto_start' => true,
)
[ info ] [ LOG ] INIT File
[ sql ] [ DB ] CONNECT:[ UseTime:0.000223s ] mysql:host=localhost;dbname=bw;charset=utf8
[ sql ] [ SQL ] SHOW COLUMNS FROM `bw_category` [ RunTime:0.000693s ]
[ sql ] [ SQL ] SELECT `classname` FROM `bw_category` WHERE  `cid` = 4 LIMIT 1 [ RunTime:0.000157s ]
[ sql ] [ SQL ] SELECT COUNT(*) AS tp_count FROM `bw_category` WHERE  `pid` = 0  AND `isdel` = '0' LIMIT 1 [ RunTime:0.000132s ]
[ sql ] [ SQL ] SELECT * FROM `bw_category` WHERE  `pid` = 0  AND `isdel` = '0' ORDER BY `ordeby`  desc LIMIT 5 [ RunTime:0.000135s ]
[ sql ] [ SQL ] SELECT * FROM `bw_category` WHERE  `pid` = 0  AND `isdel` = '0' ORDER BY `ordeby`  desc LIMIT 5,6 [ RunTime:0.000149s ]
[ sql ] [ SQL ] SELECT * FROM `bw_category` WHERE  `pid` = 4  AND `isdel` = '0' ORDER BY `ordeby`  desc [ RunTime:0.000141s ]
[ sql ] [ SQL ] SELECT * FROM `bw_category` WHERE  `isdel` = '0'  AND `pid` = 4 [ RunTime:0.000123s ]
[ sql ] [ SQL ] SHOW COLUMNS FROM `bw_video` [ RunTime:0.000519s ]
[ sql ] [ SQL ] SELECT * FROM `bw_video` WHERE  `isdel` = '0'  AND `xcid` = 6 LIMIT 6 [ RunTime:0.000266s ]
[ sql ] [ SQL ] SELECT * FROM `bw_video` WHERE  `isdel` = '0'  AND `xcid` = 44 LIMIT 6 [ RunTime:0.000218s ]
---------------------------------------------------------------
[ 2018-02-26T19:54:49+08:00 ] 111.206.170.62 GET /index/video/single/vid/6
[ info ] tp.chenjiangjiang.cn/index/video/single/vid/6 [运行时间：0.037326s][吞吐率：26.79req/s] [内存消耗：2,715.83kb] [文件加载：63]
[ info ] [ LANG ] /home/wwwroot/tp.chenjiangjiang.cn/thinkphp/lang/zh-cn.php
[ info ] [ ROUTE ] array (
  'type' => 'module',
  'module' => 
  array (
    0 => 'index',
    1 => 'video',
    2 => 'single',
  ),
)
[ info ] [ HEADER ] array (
  'cookie' => 'PHPSESSID=0c3fquspb817p55merim2msv94; Hm_lvt_b393d153aeb26b46e9431fabaf0f6190=1519627690; Hm_lpvt_b393d153aeb26b46e9431fabaf0f6190=1519627727; jiathis_rdc=%7B%22http%3A//tp.chenjiangjiang.cn/index/video/single/vid/7%22%3A-800851817%2C%22http%3A//tp.chenjiangjiang.cn/index/video/single/vid/9%22%3A-800798278%2C%22http%3A//tp.chenjiangjiang.cn/index/video/single/vid/35%22%3A-792614536%2C%22http%3A//tp.chenjiangjiang.cn/index/video/single/vid/36%22%3A-792443573%2C%22http%3A//tp.chenjiangjiang.cn/index/video/single/vid/31%22%3A-792298002%2C%22http%3A//tp.chenjiangjiang.cn/index/video/single/vid/32%22%3A-791970931%2C%22http%3A//tp.chenjiangjiang.cn/index/video/single/vid/14%22%3A-779110114%2C%22http%3A//tp.chenjiangjiang.cn/index/video/single/vid/13%22%3A-779081592%2C%22http%3A//tp.chenjiangjiang.cn/index/video/single/vid/20%22%3A-779047949%2C%22http%3A//tp.chenjiangjiang.cn/index/video/single/vid/26%22%3A-775669485%2C%22http%3A//tp.chenjiangjiang.cn/index/video/single/vid/34%22%3A-775612185%2C%22http%3A//tp.chenjiangjiang.cn/index/video/single/vid/6%22%3A0%7C1519643749638%2C%22http%3A//tp.chenjiangjiang.cn/index/video/single/vid/28%22%3A%220%7C1519643785652%22%7D; hzy_login_back=http://tp.chenjiangjiang.cn/index/index/index.html',
  'accept-language' => 'zh-CN,zh;q=0.9',
  'accept-encoding' => 'gzip, deflate',
  'referer' => 'http://tp.chenjiangjiang.cn/index/video/tv/cid/4',
  'accept' => 'text/html,application/xhtml+xml,application/xml;q=0.9,image/webp,image/apng,*/*;q=0.8',
  'user-agent' => 'Mozilla/5.0 (Windows NT 6.3; Win64; x64) AppleWebKit/537.36 (KHTML, like Gecko) Chrome/63.0.3239.132 Safari/537.36',
  'upgrade-insecure-requests' => '1',
  'connection' => 'keep-alive',
  'host' => 'tp.chenjiangjiang.cn',
  'content-type' => '',
  'content-length' => '',
)
[ info ] [ PARAM ] array (
  'vid' => '6',
)
[ info ] [ RUN ] app\index\controller\Video->single[ /home/wwwroot/tp.chenjiangjiang.cn/application/index/controller/Video.php ]
[ info ] [ DB ] INIT mysql
[ info ] [ CACHE ] INIT File
[ info ] [ SESSION ] INIT array (
  'id' => '',
  'var_session_id' => '',
  'prefix' => 'think',
  'type' => '',
  'auto_start' => true,
)
[ info ] [ VIEW ] /home/wwwroot/tp.chenjiangjiang.cn/public/../application/index/view/video/single.html [ array (
  0 => 'data1',
  1 => 'data2',
  2 => 'data',
  3 => 'info',
  4 => 'count',
  5 => 'data3',
  6 => 'sc',
  7 => 'xname',
  8 => 'dname',
) ]
[ info ] [ LOG ] INIT File
[ sql ] [ DB ] CONNECT:[ UseTime:0.000216s ] mysql:host=localhost;dbname=bw;charset=utf8
[ sql ] [ SQL ] SHOW COLUMNS FROM `bw_video` [ RunTime:0.000729s ]
[ sql ] [ SQL ] SELECT `xcid` FROM `bw_video` WHERE  `vid` = 6 LIMIT 1 [ RunTime:0.000218s ]
[ sql ] [ SQL ] SELECT `dcid` FROM `bw_video` WHERE  `vid` = 6 LIMIT 1 [ RunTime:0.000161s ]
[ sql ] [ SQL ] SHOW COLUMNS FROM `bw_category` [ RunTime:0.000472s ]
[ sql ] [ SQL ] SELECT `classname` FROM `bw_category` WHERE  `cid` = 6 LIMIT 1 [ RunTime:0.000116s ]
[ sql ] [ SQL ] SELECT `classname` FROM `bw_category` WHERE  `cid` = 4 LIMIT 1 [ RunTime:0.000107s ]
[ sql ] [ SQL ] SELECT * FROM `bw_video` WHERE  `vid` = 6 LIMIT 1 [ RunTime:0.000215s ]
[ sql ] [ SQL ] UPDATE `bw_video`  SET `vplay`=112  WHERE  `vid` = 6 [ RunTime:0.000282s ]
[ sql ] [ SQL ] SELECT COUNT(*) AS tp_count FROM `bw_category` WHERE  `pid` = 0  AND `isdel` = '0' LIMIT 1 [ RunTime:0.000132s ]
[ sql ] [ SQL ] SELECT * FROM `bw_category` WHERE  `pid` = 0  AND `isdel` = '0' ORDER BY `ordeby`  desc LIMIT 5 [ RunTime:0.000131s ]
[ sql ] [ SQL ] SELECT * FROM `bw_category` WHERE  `pid` = 0  AND `isdel` = '0' ORDER BY `ordeby`  desc LIMIT 5,6 [ RunTime:0.000132s ]
[ sql ] [ SQL ] SELECT * FROM `bw_video` WHERE  `vid` = 6  AND `isdel` = '0' [ RunTime:0.000207s ]
[ sql ] [ SQL ] SHOW COLUMNS FROM `bw_reply` [ RunTime:0.000485s ]
[ sql ] [ SQL ] SELECT * FROM `bw_reply` WHERE  `vid` = 6  AND `isdel` = '0' [ RunTime:0.000214s ]
[ sql ] [ SQL ] SELECT COUNT(*) AS tp_count FROM `bw_reply` WHERE  `vid` = 6  AND `isdel` = '0' LIMIT 1 [ RunTime:0.000189s ]
[ sql ] [ SQL ] SELECT * FROM `bw_video` WHERE  `xcid` = 6  AND `isdel` = '0' ORDER BY `vplay`  desc LIMIT 5 [ RunTime:0.000256s ]
[ sql ] [ SQL ] SHOW COLUMNS FROM `bw_scang` [ RunTime:0.000469s ]
[ sql ] [ SQL ] SELECT * FROM `bw_scang` WHERE  `uid` = 14  AND `vid` = 6 [ RunTime:0.000140s ]
[ sql ] [ SQL ] SHOW COLUMNS FROM `bw_vip` [ RunTime:0.000492s ]
[ sql ] [ SQL ] SELECT `gqtime` FROM `bw_vip` WHERE  `uid` = 14 LIMIT 1 [ RunTime:0.000115s ]
[ sql ] [ SQL ] SHOW COLUMNS FROM `bw_user` [ RunTime:0.000462s ]
[ sql ] [ SQL ] UPDATE `bw_user`  SET `isvip`=1  WHERE  `id` = 14 [ RunTime:0.004430s ]
[ sql ] [ SQL ] DELETE FROM `bw_vip`    WHERE  `uid` = 14 [ RunTime:0.000143s ]
[ sql ] [ SQL ] UPDATE `bw_user`  SET `isvip`=1  WHERE  `id` = 14 [ RunTime:0.003198s ]
---------------------------------------------------------------
[ 2018-02-26T19:55:04+08:00 ] 111.206.170.62 GET /index/video/tv/cid/4
[ info ] tp.chenjiangjiang.cn/index/video/tv/cid/4 [运行时间：0.023473s][吞吐率：42.60req/s] [内存消耗：2,639.20kb] [文件加载：56]
[ info ] [ LANG ] /home/wwwroot/tp.chenjiangjiang.cn/thinkphp/lang/zh-cn.php
[ info ] [ ROUTE ] array (
  'type' => 'module',
  'module' => 
  array (
    0 => 'index',
    1 => 'video',
    2 => 'tv',
  ),
)
[ info ] [ HEADER ] array (
  'cookie' => 'PHPSESSID=0c3fquspb817p55merim2msv94; Hm_lvt_b393d153aeb26b46e9431fabaf0f6190=1519627690; Hm_lpvt_b393d153aeb26b46e9431fabaf0f6190=1519627727; hzy_login_back=http://tp.chenjiangjiang.cn/index/video/tv/cid/4; jiathis_rdc=%7B%22http%3A//tp.chenjiangjiang.cn/index/video/single/vid/7%22%3A-800851817%2C%22http%3A//tp.chenjiangjiang.cn/index/video/single/vid/9%22%3A-800798278%2C%22http%3A//tp.chenjiangjiang.cn/index/video/single/vid/35%22%3A-792614536%2C%22http%3A//tp.chenjiangjiang.cn/index/video/single/vid/36%22%3A-792443573%2C%22http%3A//tp.chenjiangjiang.cn/index/video/single/vid/31%22%3A-792298002%2C%22http%3A//tp.chenjiangjiang.cn/index/video/single/vid/32%22%3A-791970931%2C%22http%3A//tp.chenjiangjiang.cn/index/video/single/vid/14%22%3A-779110114%2C%22http%3A//tp.chenjiangjiang.cn/index/video/single/vid/13%22%3A-779081592%2C%22http%3A//tp.chenjiangjiang.cn/index/video/single/vid/20%22%3A-779047949%2C%22http%3A//tp.chenjiangjiang.cn/index/video/single/vid/26%22%3A-775669485%2C%22http%3A//tp.chenjiangjiang.cn/index/video/single/vid/34%22%3A-775612185%2C%22http%3A//tp.chenjiangjiang.cn/index/video/single/vid/28%22%3A0%7C1519643785652%2C%22http%3A//tp.chenjiangjiang.cn/index/video/single/vid/6%22%3A%220%7C1519646131329%22%7D',
  'accept-language' => 'zh-CN,zh;q=0.9',
  'accept-encoding' => 'gzip, deflate',
  'referer' => 'http://tp.chenjiangjiang.cn/index/video/single/vid/6',
  'accept' => 'text/html,application/xhtml+xml,application/xml;q=0.9,image/webp,image/apng,*/*;q=0.8',
  'user-agent' => 'Mozilla/5.0 (Windows NT 6.3; Win64; x64) AppleWebKit/537.36 (KHTML, like Gecko) Chrome/63.0.3239.132 Safari/537.36',
  'upgrade-insecure-requests' => '1',
  'connection' => 'keep-alive',
  'host' => 'tp.chenjiangjiang.cn',
  'content-type' => '',
  'content-length' => '',
)
[ info ] [ PARAM ] array (
  'cid' => '4',
)
[ info ] [ RUN ] app\index\controller\Video->tv[ /home/wwwroot/tp.chenjiangjiang.cn/application/index/controller/Video.php ]
[ info ] [ DB ] INIT mysql
[ info ] [ VIEW ] /home/wwwroot/tp.chenjiangjiang.cn/public/../application/index/view/video/tv.html [ array (
  0 => 'data1',
  1 => 'data2',
  2 => 'data',
  3 => 'Video',
  4 => 'name',
) ]
[ info ] [ SESSION ] INIT array (
  'id' => '',
  'var_session_id' => '',
  'prefix' => 'think',
  'type' => '',
  'auto_start' => true,
)
[ info ] [ LOG ] INIT File
[ sql ] [ DB ] CONNECT:[ UseTime:0.000314s ] mysql:host=localhost;dbname=bw;charset=utf8
[ sql ] [ SQL ] SHOW COLUMNS FROM `bw_category` [ RunTime:0.000726s ]
[ sql ] [ SQL ] SELECT `classname` FROM `bw_category` WHERE  `cid` = 4 LIMIT 1 [ RunTime:0.000187s ]
[ sql ] [ SQL ] SELECT COUNT(*) AS tp_count FROM `bw_category` WHERE  `pid` = 0  AND `isdel` = '0' LIMIT 1 [ RunTime:0.000126s ]
[ sql ] [ SQL ] SELECT * FROM `bw_category` WHERE  `pid` = 0  AND `isdel` = '0' ORDER BY `ordeby`  desc LIMIT 5 [ RunTime:0.000128s ]
[ sql ] [ SQL ] SELECT * FROM `bw_category` WHERE  `pid` = 0  AND `isdel` = '0' ORDER BY `ordeby`  desc LIMIT 5,6 [ RunTime:0.000126s ]
[ sql ] [ SQL ] SELECT * FROM `bw_category` WHERE  `pid` = 4  AND `isdel` = '0' ORDER BY `ordeby`  desc [ RunTime:0.000122s ]
[ sql ] [ SQL ] SELECT * FROM `bw_category` WHERE  `isdel` = '0'  AND `pid` = 4 [ RunTime:0.000115s ]
[ sql ] [ SQL ] SHOW COLUMNS FROM `bw_video` [ RunTime:0.000494s ]
[ sql ] [ SQL ] SELECT * FROM `bw_video` WHERE  `isdel` = '0'  AND `xcid` = 6 LIMIT 6 [ RunTime:0.000238s ]
[ sql ] [ SQL ] SELECT * FROM `bw_video` WHERE  `isdel` = '0'  AND `xcid` = 44 LIMIT 6 [ RunTime:0.000203s ]
---------------------------------------------------------------
[ 2018-02-26T19:55:05+08:00 ] 111.206.170.62 GET /index/video/single/vid/28
[ info ] tp.chenjiangjiang.cn/index/video/single/vid/28 [运行时间：0.036350s][吞吐率：27.51req/s] [内存消耗：2,716.34kb] [文件加载：63]
[ info ] [ LANG ] /home/wwwroot/tp.chenjiangjiang.cn/thinkphp/lang/zh-cn.php
[ info ] [ ROUTE ] array (
  'type' => 'module',
  'module' => 
  array (
    0 => 'index',
    1 => 'video',
    2 => 'single',
  ),
)
[ info ] [ HEADER ] array (
  'cookie' => 'PHPSESSID=0c3fquspb817p55merim2msv94; Hm_lvt_b393d153aeb26b46e9431fabaf0f6190=1519627690; Hm_lpvt_b393d153aeb26b46e9431fabaf0f6190=1519627727; jiathis_rdc=%7B%22http%3A//tp.chenjiangjiang.cn/index/video/single/vid/7%22%3A-800851817%2C%22http%3A//tp.chenjiangjiang.cn/index/video/single/vid/9%22%3A-800798278%2C%22http%3A//tp.chenjiangjiang.cn/index/video/single/vid/35%22%3A-792614536%2C%22http%3A//tp.chenjiangjiang.cn/index/video/single/vid/36%22%3A-792443573%2C%22http%3A//tp.chenjiangjiang.cn/index/video/single/vid/31%22%3A-792298002%2C%22http%3A//tp.chenjiangjiang.cn/index/video/single/vid/32%22%3A-791970931%2C%22http%3A//tp.chenjiangjiang.cn/index/video/single/vid/14%22%3A-779110114%2C%22http%3A//tp.chenjiangjiang.cn/index/video/single/vid/13%22%3A-779081592%2C%22http%3A//tp.chenjiangjiang.cn/index/video/single/vid/20%22%3A-779047949%2C%22http%3A//tp.chenjiangjiang.cn/index/video/single/vid/26%22%3A-775669485%2C%22http%3A//tp.chenjiangjiang.cn/index/video/single/vid/34%22%3A-775612185%2C%22http%3A//tp.chenjiangjiang.cn/index/video/single/vid/28%22%3A0%7C1519643785652%2C%22http%3A//tp.chenjiangjiang.cn/index/video/single/vid/6%22%3A%220%7C1519646131329%22%7D; hzy_login_back=http://tp.chenjiangjiang.cn/index/video/single/vid/6',
  'accept-language' => 'zh-CN,zh;q=0.9',
  'accept-encoding' => 'gzip, deflate',
  'referer' => 'http://tp.chenjiangjiang.cn/index/video/tv/cid/4',
  'accept' => 'text/html,application/xhtml+xml,application/xml;q=0.9,image/webp,image/apng,*/*;q=0.8',
  'user-agent' => 'Mozilla/5.0 (Windows NT 6.3; Win64; x64) AppleWebKit/537.36 (KHTML, like Gecko) Chrome/63.0.3239.132 Safari/537.36',
  'upgrade-insecure-requests' => '1',
  'connection' => 'keep-alive',
  'host' => 'tp.chenjiangjiang.cn',
  'content-type' => '',
  'content-length' => '',
)
[ info ] [ PARAM ] array (
  'vid' => '28',
)
[ info ] [ RUN ] app\index\controller\Video->single[ /home/wwwroot/tp.chenjiangjiang.cn/application/index/controller/Video.php ]
[ info ] [ DB ] INIT mysql
[ info ] [ CACHE ] INIT File
[ info ] [ SESSION ] INIT array (
  'id' => '',
  'var_session_id' => '',
  'prefix' => 'think',
  'type' => '',
  'auto_start' => true,
)
[ info ] [ VIEW ] /home/wwwroot/tp.chenjiangjiang.cn/public/../application/index/view/video/single.html [ array (
  0 => 'data1',
  1 => 'data2',
  2 => 'data',
  3 => 'info',
  4 => 'count',
  5 => 'data3',
  6 => 'sc',
  7 => 'xname',
  8 => 'dname',
) ]
[ info ] [ LOG ] INIT File
[ sql ] [ DB ] CONNECT:[ UseTime:0.000191s ] mysql:host=localhost;dbname=bw;charset=utf8
[ sql ] [ SQL ] SHOW COLUMNS FROM `bw_video` [ RunTime:0.000710s ]
[ sql ] [ SQL ] SELECT `xcid` FROM `bw_video` WHERE  `vid` = 28 LIMIT 1 [ RunTime:0.000210s ]
[ sql ] [ SQL ] SELECT `dcid` FROM `bw_video` WHERE  `vid` = 28 LIMIT 1 [ RunTime:0.000153s ]
[ sql ] [ SQL ] SHOW COLUMNS FROM `bw_category` [ RunTime:0.000429s ]
[ sql ] [ SQL ] SELECT `classname` FROM `bw_category` WHERE  `cid` = 44 LIMIT 1 [ RunTime:0.000107s ]
[ sql ] [ SQL ] SELECT `classname` FROM `bw_category` WHERE  `cid` = 4 LIMIT 1 [ RunTime:0.000103s ]
[ sql ] [ SQL ] SELECT * FROM `bw_video` WHERE  `vid` = 28 LIMIT 1 [ RunTime:0.000197s ]
[ sql ] [ SQL ] UPDATE `bw_video`  SET `vplay`=9  WHERE  `vid` = 28 [ RunTime:0.000225s ]
[ sql ] [ SQL ] SELECT COUNT(*) AS tp_count FROM `bw_category` WHERE  `pid` = 0  AND `isdel` = '0' LIMIT 1 [ RunTime:0.000123s ]
[ sql ] [ SQL ] SELECT * FROM `bw_category` WHERE  `pid` = 0  AND `isdel` = '0' ORDER BY `ordeby`  desc LIMIT 5 [ RunTime:0.000122s ]
[ sql ] [ SQL ] SELECT * FROM `bw_category` WHERE  `pid` = 0  AND `isdel` = '0' ORDER BY `ordeby`  desc LIMIT 5,6 [ RunTime:0.000124s ]
[ sql ] [ SQL ] SELECT * FROM `bw_video` WHERE  `vid` = 28  AND `isdel` = '0' [ RunTime:0.000196s ]
[ sql ] [ SQL ] SHOW COLUMNS FROM `bw_reply` [ RunTime:0.000462s ]
[ sql ] [ SQL ] SELECT * FROM `bw_reply` WHERE  `vid` = 28  AND `isdel` = '0' [ RunTime:0.000199s ]
[ sql ] [ SQL ] SELECT COUNT(*) AS tp_count FROM `bw_reply` WHERE  `vid` = 28  AND `isdel` = '0' LIMIT 1 [ RunTime:0.000185s ]
[ sql ] [ SQL ] SELECT * FROM `bw_video` WHERE  `xcid` = 44  AND `isdel` = '0' ORDER BY `vplay`  desc LIMIT 5 [ RunTime:0.000245s ]
[ sql ] [ SQL ] SHOW COLUMNS FROM `bw_scang` [ RunTime:0.000427s ]
[ sql ] [ SQL ] SELECT * FROM `bw_scang` WHERE  `uid` = 14  AND `vid` = 28 [ RunTime:0.000121s ]
[ sql ] [ SQL ] SHOW COLUMNS FROM `bw_vip` [ RunTime:0.000414s ]
[ sql ] [ SQL ] SELECT `gqtime` FROM `bw_vip` WHERE  `uid` = 14 LIMIT 1 [ RunTime:0.000102s ]
[ sql ] [ SQL ] SHOW COLUMNS FROM `bw_user` [ RunTime:0.000452s ]
[ sql ] [ SQL ] UPDATE `bw_user`  SET `isvip`=1  WHERE  `id` = 14 [ RunTime:0.004720s ]
[ sql ] [ SQL ] DELETE FROM `bw_vip`    WHERE  `uid` = 14 [ RunTime:0.000133s ]
[ sql ] [ SQL ] UPDATE `bw_user`  SET `isvip`=1  WHERE  `id` = 14 [ RunTime:0.003234s ]
---------------------------------------------------------------
[ 2018-02-26T19:55:05+08:00 ] 111.206.170.62 GET /index/video/getData/vid/28
[ info ] tp.chenjiangjiang.cn/index/video/getData/vid/28 [运行时间：0.012723s][吞吐率：78.60req/s] [内存消耗：1,608.38kb] [文件加载：46]
[ info ] [ LANG ] /home/wwwroot/tp.chenjiangjiang.cn/thinkphp/lang/zh-cn.php
[ info ] [ ROUTE ] array (
  'type' => 'module',
  'module' => 
  array (
    0 => 'index',
    1 => 'video',
    2 => 'getData',
  ),
)
[ info ] [ HEADER ] array (
  'cookie' => 'PHPSESSID=0c3fquspb817p55merim2msv94; Hm_lvt_b393d153aeb26b46e9431fabaf0f6190=1519627690; Hm_lpvt_b393d153aeb26b46e9431fabaf0f6190=1519627727; jiathis_rdc=%7B%22http%3A//tp.chenjiangjiang.cn/index/video/single/vid/7%22%3A-800851817%2C%22http%3A//tp.chenjiangjiang.cn/index/video/single/vid/9%22%3A-800798278%2C%22http%3A//tp.chenjiangjiang.cn/index/video/single/vid/35%22%3A-792614536%2C%22http%3A//tp.chenjiangjiang.cn/index/video/single/vid/36%22%3A-792443573%2C%22http%3A//tp.chenjiangjiang.cn/index/video/single/vid/31%22%3A-792298002%2C%22http%3A//tp.chenjiangjiang.cn/index/video/single/vid/32%22%3A-791970931%2C%22http%3A//tp.chenjiangjiang.cn/index/video/single/vid/14%22%3A-779110114%2C%22http%3A//tp.chenjiangjiang.cn/index/video/single/vid/13%22%3A-779081592%2C%22http%3A//tp.chenjiangjiang.cn/index/video/single/vid/20%22%3A-779047949%2C%22http%3A//tp.chenjiangjiang.cn/index/video/single/vid/26%22%3A-775669485%2C%22http%3A//tp.chenjiangjiang.cn/index/video/single/vid/34%22%3A-775612185%2C%22http%3A//tp.chenjiangjiang.cn/index/video/single/vid/28%22%3A0%7C1519643785652%2C%22http%3A//tp.chenjiangjiang.cn/index/video/single/vid/6%22%3A%220%7C1519646131329%22%7D; hzy_login_back=http://tp.chenjiangjiang.cn/index/video/single/vid/6',
  'accept-language' => 'zh-CN,zh;q=0.9',
  'accept-encoding' => 'gzip, deflate',
  'referer' => 'http://tp.chenjiangjiang.cn/index/video/single/vid/28',
  'user-agent' => 'Mozilla/5.0 (Windows NT 6.3; Win64; x64) AppleWebKit/537.36 (KHTML, like Gecko) Chrome/63.0.3239.132 Safari/537.36',
  'x-requested-with' => 'XMLHttpRequest',
  'accept' => '*/*',
  'connection' => 'keep-alive',
  'host' => 'tp.chenjiangjiang.cn',
  'content-type' => '',
  'content-length' => '',
)
[ info ] [ PARAM ] array (
  'vid' => '28',
)
[ info ] [ RUN ] app\index\controller\Video->getData[ /home/wwwroot/tp.chenjiangjiang.cn/application/index/controller/Video.php ]
[ info ] [ LOG ] INIT File
---------------------------------------------------------------
[ 2018-02-26T20:49:16+08:00 ] 111.206.170.62 GET /index/video/single/vid/28
[ info ] tp.chenjiangjiang.cn/index/video/single/vid/28 [运行时间：0.036275s][吞吐率：27.57req/s] [内存消耗：2,716.38kb] [文件加载：63]
[ info ] [ LANG ] /home/wwwroot/tp.chenjiangjiang.cn/thinkphp/lang/zh-cn.php
[ info ] [ ROUTE ] array (
  'type' => 'module',
  'module' => 
  array (
    0 => 'index',
    1 => 'video',
    2 => 'single',
  ),
)
[ info ] [ HEADER ] array (
  'cookie' => 'PHPSESSID=0c3fquspb817p55merim2msv94; Hm_lvt_b393d153aeb26b46e9431fabaf0f6190=1519627690; Hm_lpvt_b393d153aeb26b46e9431fabaf0f6190=1519627727; jiathis_rdc=%7B%22http%3A//tp.chenjiangjiang.cn/index/video/single/vid/7%22%3A-800851817%2C%22http%3A//tp.chenjiangjiang.cn/index/video/single/vid/9%22%3A-800798278%2C%22http%3A//tp.chenjiangjiang.cn/index/video/single/vid/35%22%3A-792614536%2C%22http%3A//tp.chenjiangjiang.cn/index/video/single/vid/36%22%3A-792443573%2C%22http%3A//tp.chenjiangjiang.cn/index/video/single/vid/31%22%3A-792298002%2C%22http%3A//tp.chenjiangjiang.cn/index/video/single/vid/32%22%3A-791970931%2C%22http%3A//tp.chenjiangjiang.cn/index/video/single/vid/14%22%3A-779110114%2C%22http%3A//tp.chenjiangjiang.cn/index/video/single/vid/13%22%3A-779081592%2C%22http%3A//tp.chenjiangjiang.cn/index/video/single/vid/20%22%3A-779047949%2C%22http%3A//tp.chenjiangjiang.cn/index/video/single/vid/26%22%3A-775669485%2C%22http%3A//tp.chenjiangjiang.cn/index/video/single/vid/34%22%3A-775612185%2C%22http%3A//tp.chenjiangjiang.cn/index/video/single/vid/6%22%3A0%7C1519646131329%2C%22http%3A//tp.chenjiangjiang.cn/index/video/single/vid/28%22%3A%220%7C1519646147989%22%7D; hzy_login_back=http://tp.chenjiangjiang.cn/index/video/tv/cid/4',
  'accept-language' => 'zh-CN,zh;q=0.9',
  'accept-encoding' => 'gzip, deflate',
  'referer' => 'http://tp.chenjiangjiang.cn/index/video/tv/cid/4',
  'accept' => 'text/html,application/xhtml+xml,application/xml;q=0.9,image/webp,image/apng,*/*;q=0.8',
  'upgrade-insecure-requests' => '1',
  'user-agent' => 'Mozilla/5.0 (Windows NT 6.3; Win64; x64) AppleWebKit/537.36 (KHTML, like Gecko) Chrome/63.0.3239.132 Safari/537.36',
  'cache-control' => 'max-age=0',
  'connection' => 'keep-alive',
  'host' => 'tp.chenjiangjiang.cn',
  'content-type' => '',
  'content-length' => '',
)
[ info ] [ PARAM ] array (
  'vid' => '28',
)
[ info ] [ RUN ] app\index\controller\Video->single[ /home/wwwroot/tp.chenjiangjiang.cn/application/index/controller/Video.php ]
[ info ] [ DB ] INIT mysql
[ info ] [ CACHE ] INIT File
[ info ] [ SESSION ] INIT array (
  'id' => '',
  'var_session_id' => '',
  'prefix' => 'think',
  'type' => '',
  'auto_start' => true,
)
[ info ] [ VIEW ] /home/wwwroot/tp.chenjiangjiang.cn/public/../application/index/view/video/single.html [ array (
  0 => 'data1',
  1 => 'data2',
  2 => 'data',
  3 => 'info',
  4 => 'count',
  5 => 'data3',
  6 => 'sc',
  7 => 'xname',
  8 => 'dname',
) ]
[ info ] [ LOG ] INIT File
[ sql ] [ DB ] CONNECT:[ UseTime:0.000210s ] mysql:host=localhost;dbname=bw;charset=utf8
[ sql ] [ SQL ] SHOW COLUMNS FROM `bw_video` [ RunTime:0.000723s ]
[ sql ] [ SQL ] SELECT `xcid` FROM `bw_video` WHERE  `vid` = 28 LIMIT 1 [ RunTime:0.000204s ]
[ sql ] [ SQL ] SELECT `dcid` FROM `bw_video` WHERE  `vid` = 28 LIMIT 1 [ RunTime:0.000151s ]
[ sql ] [ SQL ] SHOW COLUMNS FROM `bw_category` [ RunTime:0.000455s ]
[ sql ] [ SQL ] SELECT `classname` FROM `bw_category` WHERE  `cid` = 44 LIMIT 1 [ RunTime:0.000109s ]
[ sql ] [ SQL ] SELECT `classname` FROM `bw_category` WHERE  `cid` = 4 LIMIT 1 [ RunTime:0.000101s ]
[ sql ] [ SQL ] SELECT * FROM `bw_video` WHERE  `vid` = 28 LIMIT 1 [ RunTime:0.000210s ]
[ sql ] [ SQL ] UPDATE `bw_video`  SET `vplay`=10  WHERE  `vid` = 28 [ RunTime:0.000219s ]
[ sql ] [ SQL ] SELECT COUNT(*) AS tp_count FROM `bw_category` WHERE  `pid` = 0  AND `isdel` = '0' LIMIT 1 [ RunTime:0.000127s ]
[ sql ] [ SQL ] SELECT * FROM `bw_category` WHERE  `pid` = 0  AND `isdel` = '0' ORDER BY `ordeby`  desc LIMIT 5 [ RunTime:0.000123s ]
[ sql ] [ SQL ] SELECT * FROM `bw_category` WHERE  `pid` = 0  AND `isdel` = '0' ORDER BY `ordeby`  desc LIMIT 5,6 [ RunTime:0.000120s ]
[ sql ] [ SQL ] SELECT * FROM `bw_video` WHERE  `vid` = 28  AND `isdel` = '0' [ RunTime:0.000211s ]
[ sql ] [ SQL ] SHOW COLUMNS FROM `bw_reply` [ RunTime:0.000458s ]
[ sql ] [ SQL ] SELECT * FROM `bw_reply` WHERE  `vid` = 28  AND `isdel` = '0' [ RunTime:0.000125s ]
[ sql ] [ SQL ] SELECT COUNT(*) AS tp_count FROM `bw_reply` WHERE  `vid` = 28  AND `isdel` = '0' LIMIT 1 [ RunTime:0.000138s ]
[ sql ] [ SQL ] SELECT * FROM `bw_video` WHERE  `xcid` = 44  AND `isdel` = '0' ORDER BY `vplay`  desc LIMIT 5 [ RunTime:0.000223s ]
[ sql ] [ SQL ] SHOW COLUMNS FROM `bw_scang` [ RunTime:0.000447s ]
[ sql ] [ SQL ] SELECT * FROM `bw_scang` WHERE  `uid` = 14  AND `vid` = 28 [ RunTime:0.000126s ]
[ sql ] [ SQL ] SHOW COLUMNS FROM `bw_vip` [ RunTime:0.000439s ]
[ sql ] [ SQL ] SELECT `gqtime` FROM `bw_vip` WHERE  `uid` = 14 LIMIT 1 [ RunTime:0.000102s ]
[ sql ] [ SQL ] SHOW COLUMNS FROM `bw_user` [ RunTime:0.000451s ]
[ sql ] [ SQL ] UPDATE `bw_user`  SET `isvip`=1  WHERE  `id` = 14 [ RunTime:0.004163s ]
[ sql ] [ SQL ] DELETE FROM `bw_vip`    WHERE  `uid` = 14 [ RunTime:0.000135s ]
[ sql ] [ SQL ] UPDATE `bw_user`  SET `isvip`=1  WHERE  `id` = 14 [ RunTime:0.003383s ]
---------------------------------------------------------------
[ 2018-02-26T20:49:16+08:00 ] 111.206.170.62 GET /index/video/getData/vid/28
[ info ] tp.chenjiangjiang.cn/index/video/getData/vid/28 [运行时间：0.013166s][吞吐率：75.95req/s] [内存消耗：1,608.38kb] [文件加载：46]
[ info ] [ LANG ] /home/wwwroot/tp.chenjiangjiang.cn/thinkphp/lang/zh-cn.php
[ info ] [ ROUTE ] array (
  'type' => 'module',
  'module' => 
  array (
    0 => 'index',
    1 => 'video',
    2 => 'getData',
  ),
)
[ info ] [ HEADER ] array (
  'cookie' => 'PHPSESSID=0c3fquspb817p55merim2msv94; Hm_lvt_b393d153aeb26b46e9431fabaf0f6190=1519627690; Hm_lpvt_b393d153aeb26b46e9431fabaf0f6190=1519627727; jiathis_rdc=%7B%22http%3A//tp.chenjiangjiang.cn/index/video/single/vid/7%22%3A-800851817%2C%22http%3A//tp.chenjiangjiang.cn/index/video/single/vid/9%22%3A-800798278%2C%22http%3A//tp.chenjiangjiang.cn/index/video/single/vid/35%22%3A-792614536%2C%22http%3A//tp.chenjiangjiang.cn/index/video/single/vid/36%22%3A-792443573%2C%22http%3A//tp.chenjiangjiang.cn/index/video/single/vid/31%22%3A-792298002%2C%22http%3A//tp.chenjiangjiang.cn/index/video/single/vid/32%22%3A-791970931%2C%22http%3A//tp.chenjiangjiang.cn/index/video/single/vid/14%22%3A-779110114%2C%22http%3A//tp.chenjiangjiang.cn/index/video/single/vid/13%22%3A-779081592%2C%22http%3A//tp.chenjiangjiang.cn/index/video/single/vid/20%22%3A-779047949%2C%22http%3A//tp.chenjiangjiang.cn/index/video/single/vid/26%22%3A-775669485%2C%22http%3A//tp.chenjiangjiang.cn/index/video/single/vid/34%22%3A-775612185%2C%22http%3A//tp.chenjiangjiang.cn/index/video/single/vid/6%22%3A0%7C1519646131329%2C%22http%3A//tp.chenjiangjiang.cn/index/video/single/vid/28%22%3A%220%7C1519646147989%22%7D; hzy_login_back=http://tp.chenjiangjiang.cn/index/video/tv/cid/4',
  'accept-language' => 'zh-CN,zh;q=0.9',
  'accept-encoding' => 'gzip, deflate',
  'referer' => 'http://tp.chenjiangjiang.cn/index/video/single/vid/28',
  'user-agent' => 'Mozilla/5.0 (Windows NT 6.3; Win64; x64) AppleWebKit/537.36 (KHTML, like Gecko) Chrome/63.0.3239.132 Safari/537.36',
  'x-requested-with' => 'XMLHttpRequest',
  'accept' => '*/*',
  'connection' => 'keep-alive',
  'host' => 'tp.chenjiangjiang.cn',
  'content-type' => '',
  'content-length' => '',
)
[ info ] [ PARAM ] array (
  'vid' => '28',
)
[ info ] [ RUN ] app\index\controller\Video->getData[ /home/wwwroot/tp.chenjiangjiang.cn/application/index/controller/Video.php ]
[ info ] [ LOG ] INIT File
